[0.286s] DEBUG:colcon:Command line arguments: ['/usr/bin/colcon', 'build']
[0.286s] DEBUG:colcon:Parsed command line arguments: Namespace(log_base=None, log_level=None, verb_name='build', build_base='build', install_base='install', merge_install=False, symlink_install=False, test_result_base=None, continue_on_error=False, executor='parallel', parallel_workers=16, event_handlers=None, ignore_user_meta=False, metas=['./colcon.meta'], base_paths=['.'], packages_ignore=None, packages_ignore_regex=None, paths=None, packages_up_to=None, packages_up_to_regex=None, packages_above=None, packages_above_and_dependencies=None, packages_above_depth=None, packages_select_by_dep=None, packages_skip_by_dep=None, packages_skip_up_to=None, packages_select_build_failed=False, packages_skip_build_finished=False, packages_select_test_failures=False, packages_skip_test_passed=False, packages_select=None, packages_skip=None, packages_select_regex=None, packages_skip_regex=None, packages_start=None, packages_end=None, allow_overriding=[], cmake_args=None, cmake_target=None, cmake_target_skip_unavailable=False, cmake_clean_cache=False, cmake_clean_first=False, cmake_force_configure=False, ament_cmake_args=None, catkin_cmake_args=None, catkin_skip_building_tests=False, verb_parser=<colcon_defaults.argument_parser.defaults.DefaultArgumentsDecorator object at 0x7fbb1f8fdb70>, verb_extension=<colcon_core.verb.build.BuildVerb object at 0x7fbb1f8fd630>, main=<bound method BuildVerb.main of <colcon_core.verb.build.BuildVerb object at 0x7fbb1f8fd630>>)
[0.582s] Level 1:colcon.colcon_core.package_discovery:discover_packages(colcon_meta) check parameters
[0.583s] Level 1:colcon.colcon_core.package_discovery:discover_packages(recursive) check parameters
[0.583s] Level 1:colcon.colcon_core.package_discovery:discover_packages(ignore) check parameters
[0.583s] Level 1:colcon.colcon_core.package_discovery:discover_packages(path) check parameters
[0.583s] Level 1:colcon.colcon_core.package_discovery:discover_packages(colcon_meta) discover
[0.583s] Level 1:colcon.colcon_core.package_discovery:discover_packages(recursive) discover
[0.583s] INFO:colcon.colcon_core.package_discovery:Crawling recursively for packages in '/home/ubuntu/bump-and-go-with-behavior-trees-cristinaStratan1'
[0.583s] Level 1:colcon.colcon_core.package_identification:_identify(.) by extensions ['ignore', 'ignore_ament_install']
[0.583s] Level 1:colcon.colcon_core.package_identification:_identify(.) by extension 'ignore'
[0.583s] Level 1:colcon.colcon_core.package_identification:_identify(.) by extension 'ignore_ament_install'
[0.583s] Level 1:colcon.colcon_core.package_identification:_identify(.) by extensions ['colcon_pkg']
[0.583s] Level 1:colcon.colcon_core.package_identification:_identify(.) by extension 'colcon_pkg'
[0.583s] Level 1:colcon.colcon_core.package_identification:_identify(.) by extensions ['colcon_meta']
[0.583s] Level 1:colcon.colcon_core.package_identification:_identify(.) by extension 'colcon_meta'
[0.583s] Level 1:colcon.colcon_core.package_identification:_identify(.) by extensions ['ros']
[0.583s] Level 1:colcon.colcon_core.package_identification:_identify(.) by extension 'ros'
[0.599s] DEBUG:colcon.colcon_core.package_identification:Package '.' with type 'ros.ament_cmake' and name 'bt_bumpgo'
[0.599s] Level 1:colcon.colcon_core.package_discovery:discover_packages(recursive) using defaults
[0.599s] Level 1:colcon.colcon_core.package_discovery:discover_packages(ignore) discover
[0.599s] Level 1:colcon.colcon_core.package_discovery:discover_packages(ignore) using defaults
[0.599s] Level 1:colcon.colcon_core.package_discovery:discover_packages(path) discover
[0.599s] Level 1:colcon.colcon_core.package_discovery:discover_packages(path) using defaults
[0.631s] Level 1:colcon.colcon_core.package_discovery:discover_packages(prefix_path) check parameters
[0.631s] Level 1:colcon.colcon_core.package_discovery:discover_packages(prefix_path) discover
[0.637s] DEBUG:colcon.colcon_installed_package_information.package_discovery:Found 7 installed packages in /home/ubuntu/ros2_ws/install
[0.637s] DEBUG:colcon.colcon_installed_package_information.package_discovery:Found 8 installed packages in /home/ubuntu/rebet_ws/install
[0.640s] DEBUG:colcon.colcon_installed_package_information.package_discovery:Found 473 installed packages in /opt/ros/humble
[0.642s] Level 1:colcon.colcon_core.package_discovery:discover_packages(prefix_path) using defaults
[0.708s] Level 5:colcon.colcon_core.verb:set package 'bt_bumpgo' build argument 'cmake_args' from command line to 'None'
[0.709s] Level 5:colcon.colcon_core.verb:set package 'bt_bumpgo' build argument 'cmake_target' from command line to 'None'
[0.709s] Level 5:colcon.colcon_core.verb:set package 'bt_bumpgo' build argument 'cmake_target_skip_unavailable' from command line to 'False'
[0.709s] Level 5:colcon.colcon_core.verb:set package 'bt_bumpgo' build argument 'cmake_clean_cache' from command line to 'False'
[0.709s] Level 5:colcon.colcon_core.verb:set package 'bt_bumpgo' build argument 'cmake_clean_first' from command line to 'False'
[0.709s] Level 5:colcon.colcon_core.verb:set package 'bt_bumpgo' build argument 'cmake_force_configure' from command line to 'False'
[0.709s] Level 5:colcon.colcon_core.verb:set package 'bt_bumpgo' build argument 'ament_cmake_args' from command line to 'None'
[0.709s] Level 5:colcon.colcon_core.verb:set package 'bt_bumpgo' build argument 'catkin_cmake_args' from command line to 'None'
[0.709s] Level 5:colcon.colcon_core.verb:set package 'bt_bumpgo' build argument 'catkin_skip_building_tests' from command line to 'False'
[0.709s] DEBUG:colcon.colcon_core.verb:Building package 'bt_bumpgo' with the following arguments: {'ament_cmake_args': None, 'build_base': '/home/ubuntu/bump-and-go-with-behavior-trees-cristinaStratan1/build/bt_bumpgo', 'catkin_cmake_args': None, 'catkin_skip_building_tests': False, 'cmake_args': None, 'cmake_clean_cache': False, 'cmake_clean_first': False, 'cmake_force_configure': False, 'cmake_target': None, 'cmake_target_skip_unavailable': False, 'install_base': '/home/ubuntu/bump-and-go-with-behavior-trees-cristinaStratan1/install/bt_bumpgo', 'merge_install': False, 'path': '/home/ubuntu/bump-and-go-with-behavior-trees-cristinaStratan1', 'symlink_install': False, 'test_result_base': None}
[0.709s] INFO:colcon.colcon_core.executor:Executing jobs using 'parallel' executor
[0.710s] DEBUG:colcon.colcon_parallel_executor.executor.parallel:run_until_complete
[0.710s] INFO:colcon.colcon_ros.task.ament_cmake.build:Building ROS package in '/home/ubuntu/bump-and-go-with-behavior-trees-cristinaStratan1' with build type 'ament_cmake'
[0.710s] INFO:colcon.colcon_cmake.task.cmake.build:Building CMake package in '/home/ubuntu/bump-and-go-with-behavior-trees-cristinaStratan1'
[0.717s] INFO:colcon.colcon_core.plugin_system:Skipping extension 'colcon_core.shell.bat': Not used on non-Windows systems
[0.717s] INFO:colcon.colcon_core.shell:Skip shell extension 'powershell' for command environment: Not usable outside of PowerShell
[0.717s] DEBUG:colcon.colcon_core.shell:Skip shell extension 'dsv' for command environment
[0.727s] DEBUG:colcon.colcon_core.event_handler.log_command:Invoking command in '/home/ubuntu/bump-and-go-with-behavior-trees-cristinaStratan1/build/bt_bumpgo': CMAKE_PREFIX_PATH=${CMAKE_PREFIX_PATH}:/home/ubuntu/rebet_ws/install/aal:/opt/ros/humble /usr/bin/cmake /home/ubuntu/bump-and-go-with-behavior-trees-cristinaStratan1 -DCMAKE_INSTALL_PREFIX=/home/ubuntu/bump-and-go-with-behavior-trees-cristinaStratan1/install/bt_bumpgo
[2.933s] DEBUG:colcon.colcon_core.event_handler.log_command:Invoked command in '/home/ubuntu/bump-and-go-with-behavior-trees-cristinaStratan1/build/bt_bumpgo' returned '0': CMAKE_PREFIX_PATH=${CMAKE_PREFIX_PATH}:/home/ubuntu/rebet_ws/install/aal:/opt/ros/humble /usr/bin/cmake /home/ubuntu/bump-and-go-with-behavior-trees-cristinaStratan1 -DCMAKE_INSTALL_PREFIX=/home/ubuntu/bump-and-go-with-behavior-trees-cristinaStratan1/install/bt_bumpgo
[2.935s] DEBUG:colcon.colcon_core.event_handler.log_command:Invoking command in '/home/ubuntu/bump-and-go-with-behavior-trees-cristinaStratan1/build/bt_bumpgo': CMAKE_PREFIX_PATH=${CMAKE_PREFIX_PATH}:/home/ubuntu/rebet_ws/install/aal:/opt/ros/humble /usr/bin/cmake --build /home/ubuntu/bump-and-go-with-behavior-trees-cristinaStratan1/build/bt_bumpgo -- -j16 -l16
[19.687s] DEBUG:colcon.colcon_core.event_handler.log_command:Invoked command in '/home/ubuntu/bump-and-go-with-behavior-trees-cristinaStratan1/build/bt_bumpgo' returned '2': CMAKE_PREFIX_PATH=${CMAKE_PREFIX_PATH}:/home/ubuntu/rebet_ws/install/aal:/opt/ros/humble /usr/bin/cmake --build /home/ubuntu/bump-and-go-with-behavior-trees-cristinaStratan1/build/bt_bumpgo -- -j16 -l16
[19.744s] Level 1:colcon.colcon_core.environment:create_environment_scripts_only(bt_bumpgo)
[19.752s] Level 1:colcon.colcon_core.environment:checking '/home/ubuntu/bump-and-go-with-behavior-trees-cristinaStratan1/install/bt_bumpgo' for CMake module files
[19.753s] Level 1:colcon.colcon_core.environment:checking '/home/ubuntu/bump-and-go-with-behavior-trees-cristinaStratan1/install/bt_bumpgo' for CMake config files
[19.753s] Level 1:colcon.colcon_core.environment:checking '/home/ubuntu/bump-and-go-with-behavior-trees-cristinaStratan1/install/bt_bumpgo/bin'
[19.753s] Level 1:colcon.colcon_core.environment:checking '/home/ubuntu/bump-and-go-with-behavior-trees-cristinaStratan1/install/bt_bumpgo/lib/pkgconfig/bt_bumpgo.pc'
[19.753s] Level 1:colcon.colcon_core.environment:checking '/home/ubuntu/bump-and-go-with-behavior-trees-cristinaStratan1/install/bt_bumpgo/lib/python3.10/site-packages'
[19.753s] Level 1:colcon.colcon_core.environment:checking '/home/ubuntu/bump-and-go-with-behavior-trees-cristinaStratan1/install/bt_bumpgo/bin'
[19.753s] INFO:colcon.colcon_core.shell:Creating package script '/home/ubuntu/bump-and-go-with-behavior-trees-cristinaStratan1/install/bt_bumpgo/share/bt_bumpgo/package.ps1'
[19.755s] INFO:colcon.colcon_core.shell:Creating package descriptor '/home/ubuntu/bump-and-go-with-behavior-trees-cristinaStratan1/install/bt_bumpgo/share/bt_bumpgo/package.dsv'
[19.756s] INFO:colcon.colcon_core.shell:Creating package script '/home/ubuntu/bump-and-go-with-behavior-trees-cristinaStratan1/install/bt_bumpgo/share/bt_bumpgo/package.sh'
[19.757s] INFO:colcon.colcon_core.shell:Creating package script '/home/ubuntu/bump-and-go-with-behavior-trees-cristinaStratan1/install/bt_bumpgo/share/bt_bumpgo/package.bash'
[19.759s] INFO:colcon.colcon_core.shell:Creating package script '/home/ubuntu/bump-and-go-with-behavior-trees-cristinaStratan1/install/bt_bumpgo/share/bt_bumpgo/package.zsh'
[19.761s] Level 1:colcon.colcon_core.environment:create_file_with_runtime_dependencies(/home/ubuntu/bump-and-go-with-behavior-trees-cristinaStratan1/install/bt_bumpgo/share/colcon-core/packages/bt_bumpgo)
[19.773s] DEBUG:colcon.colcon_parallel_executor.executor.parallel:closing loop
[19.773s] DEBUG:colcon.colcon_parallel_executor.executor.parallel:loop closed
[19.773s] DEBUG:colcon.colcon_parallel_executor.executor.parallel:run_until_complete finished with '2'
[19.773s] DEBUG:colcon.colcon_core.event_reactor:joining thread
[19.790s] INFO:colcon.colcon_core.plugin_system:Skipping extension 'colcon_notification.desktop_notification.terminal_notifier': Not used on non-Darwin systems
[19.790s] INFO:colcon.colcon_core.plugin_system:Skipping extension 'colcon_notification.desktop_notification.win32': Not used on non-Windows systems
[19.790s] INFO:colcon.colcon_notification.desktop_notification:Sending desktop notification using 'notify2'
[19.987s] DEBUG:colcon.colcon_core.event_reactor:joined thread
[19.987s] INFO:colcon.colcon_core.shell:Creating prefix script '/home/ubuntu/bump-and-go-with-behavior-trees-cristinaStratan1/install/local_setup.ps1'
[19.989s] INFO:colcon.colcon_core.shell:Creating prefix util module '/home/ubuntu/bump-and-go-with-behavior-trees-cristinaStratan1/install/_local_setup_util_ps1.py'
[19.990s] INFO:colcon.colcon_core.shell:Creating prefix chain script '/home/ubuntu/bump-and-go-with-behavior-trees-cristinaStratan1/install/setup.ps1'
[19.992s] INFO:colcon.colcon_core.shell:Creating prefix script '/home/ubuntu/bump-and-go-with-behavior-trees-cristinaStratan1/install/local_setup.sh'
[19.993s] INFO:colcon.colcon_core.shell:Creating prefix util module '/home/ubuntu/bump-and-go-with-behavior-trees-cristinaStratan1/install/_local_setup_util_sh.py'
[19.994s] INFO:colcon.colcon_core.shell:Creating prefix chain script '/home/ubuntu/bump-and-go-with-behavior-trees-cristinaStratan1/install/setup.sh'
[19.996s] INFO:colcon.colcon_core.shell:Creating prefix script '/home/ubuntu/bump-and-go-with-behavior-trees-cristinaStratan1/install/local_setup.bash'
[19.997s] INFO:colcon.colcon_core.shell:Creating prefix chain script '/home/ubuntu/bump-and-go-with-behavior-trees-cristinaStratan1/install/setup.bash'
[19.999s] INFO:colcon.colcon_core.shell:Creating prefix script '/home/ubuntu/bump-and-go-with-behavior-trees-cristinaStratan1/install/local_setup.zsh'
[20.000s] INFO:colcon.colcon_core.shell:Creating prefix chain script '/home/ubuntu/bump-and-go-with-behavior-trees-cristinaStratan1/install/setup.zsh'
