[0.015s] Invoking command in '/home/ubuntu/bump-and-go-with-behavior-trees-cristinaStratan1/build/bt_bumpgo': CMAKE_PREFIX_PATH=${CMAKE_PREFIX_PATH}:/home/ubuntu/rebet_ws/install/aal:/opt/ros/humble /usr/bin/cmake --build /home/ubuntu/bump-and-go-with-behavior-trees-cristinaStratan1/build/bt_bumpgo -- -j16 -l16
[0.062s] [35m[1mConsolidate compiler generated dependencies of target br2_turn_bt_node[0m
[0.085s] [ 22%] Built target gtest
[0.085s] [ 22%] Built target gtest_main
[0.085s] [ 33%] Built target br2_back_bt_node
[0.086s] [ 44%] Built target br2_is_obstacle_bt_node
[0.086s] [ 55%] Built target br2_forward_bt_node
[0.086s] [ 66%] Built target bt_bumpgo_main
[0.087s] [ 77%] Built target bt_forward
[0.092s] [ 88%] Built target br2_turn_bt_node
[0.116s] [100%] Built target bt_action_test
[0.130s] Invoked command in '/home/ubuntu/bump-and-go-with-behavior-trees-cristinaStratan1/build/bt_bumpgo' returned '0': CMAKE_PREFIX_PATH=${CMAKE_PREFIX_PATH}:/home/ubuntu/rebet_ws/install/aal:/opt/ros/humble /usr/bin/cmake --build /home/ubuntu/bump-and-go-with-behavior-trees-cristinaStratan1/build/bt_bumpgo -- -j16 -l16
[0.205s] Invoking command in '/home/ubuntu/bump-and-go-with-behavior-trees-cristinaStratan1/build/bt_bumpgo': CMAKE_PREFIX_PATH=${CMAKE_PREFIX_PATH}:/home/ubuntu/rebet_ws/install/aal:/opt/ros/humble /usr/bin/cmake --install /home/ubuntu/bump-and-go-with-behavior-trees-cristinaStratan1/build/bt_bumpgo
[0.213s] -- Install configuration: ""
[0.214s] -- Up-to-date: /home/ubuntu/bump-and-go-with-behavior-trees-cristinaStratan1/install/bt_bumpgo/lib/libbr2_forward_bt_node.so
[0.214s] -- Up-to-date: /home/ubuntu/bump-and-go-with-behavior-trees-cristinaStratan1/install/bt_bumpgo/lib/libbr2_back_bt_node.so
[0.214s] -- Up-to-date: /home/ubuntu/bump-and-go-with-behavior-trees-cristinaStratan1/install/bt_bumpgo/lib/libbr2_turn_bt_node.so
[0.215s] -- Up-to-date: /home/ubuntu/bump-and-go-with-behavior-trees-cristinaStratan1/install/bt_bumpgo/lib/libbr2_is_obstacle_bt_node.so
[0.215s] -- Up-to-date: /home/ubuntu/bump-and-go-with-behavior-trees-cristinaStratan1/install/bt_bumpgo/lib/bt_bumpgo/bt_bumpgo_main
[0.215s] -- Up-to-date: /home/ubuntu/bump-and-go-with-behavior-trees-cristinaStratan1/install/bt_bumpgo/include/
[0.216s] -- Up-to-date: /home/ubuntu/bump-and-go-with-behavior-trees-cristinaStratan1/install/bt_bumpgo/include//bt_bumpgo
[0.216s] -- Up-to-date: /home/ubuntu/bump-and-go-with-behavior-trees-cristinaStratan1/install/bt_bumpgo/include//bt_bumpgo/IsObstacle.hpp
[0.217s] -- Up-to-date: /home/ubuntu/bump-and-go-with-behavior-trees-cristinaStratan1/install/bt_bumpgo/include//bt_bumpgo/Turn.hpp
[0.217s] -- Up-to-date: /home/ubuntu/bump-and-go-with-behavior-trees-cristinaStratan1/install/bt_bumpgo/include//bt_bumpgo/Back.hpp
[0.217s] -- Up-to-date: /home/ubuntu/bump-and-go-with-behavior-trees-cristinaStratan1/install/bt_bumpgo/include//bt_bumpgo/Forward.hpp
[0.217s] -- Up-to-date: /home/ubuntu/bump-and-go-with-behavior-trees-cristinaStratan1/install/bt_bumpgo/share/bt_bumpgo/behavior_tree_xml
[0.217s] -- Up-to-date: /home/ubuntu/bump-and-go-with-behavior-trees-cristinaStratan1/install/bt_bumpgo/share/bt_bumpgo/behavior_tree_xml/bumpgo.xml
[0.217s] -- Up-to-date: /home/ubuntu/bump-and-go-with-behavior-trees-cristinaStratan1/install/bt_bumpgo/share/bt_bumpgo/behavior_tree_xml/test_turn.xml
[0.218s] -- Up-to-date: /home/ubuntu/bump-and-go-with-behavior-trees-cristinaStratan1/install/bt_bumpgo/share/bt_bumpgo/launch
[0.218s] -- Up-to-date: /home/ubuntu/bump-and-go-with-behavior-trees-cristinaStratan1/install/bt_bumpgo/share/bt_bumpgo/launch/bumpgo.launch.py
[0.218s] -- Up-to-date: /home/ubuntu/bump-and-go-with-behavior-trees-cristinaStratan1/install/bt_bumpgo/share/ament_index/resource_index/package_run_dependencies/bt_bumpgo
[0.218s] -- Up-to-date: /home/ubuntu/bump-and-go-with-behavior-trees-cristinaStratan1/install/bt_bumpgo/share/ament_index/resource_index/parent_prefix_path/bt_bumpgo
[0.218s] -- Up-to-date: /home/ubuntu/bump-and-go-with-behavior-trees-cristinaStratan1/install/bt_bumpgo/share/bt_bumpgo/environment/ament_prefix_path.sh
[0.218s] -- Up-to-date: /home/ubuntu/bump-and-go-with-behavior-trees-cristinaStratan1/install/bt_bumpgo/share/bt_bumpgo/environment/ament_prefix_path.dsv
[0.218s] -- Up-to-date: /home/ubuntu/bump-and-go-with-behavior-trees-cristinaStratan1/install/bt_bumpgo/share/bt_bumpgo/environment/path.sh
[0.218s] -- Up-to-date: /home/ubuntu/bump-and-go-with-behavior-trees-cristinaStratan1/install/bt_bumpgo/share/bt_bumpgo/environment/path.dsv
[0.218s] -- Up-to-date: /home/ubuntu/bump-and-go-with-behavior-trees-cristinaStratan1/install/bt_bumpgo/share/bt_bumpgo/local_setup.bash
[0.219s] -- Up-to-date: /home/ubuntu/bump-and-go-with-behavior-trees-cristinaStratan1/install/bt_bumpgo/share/bt_bumpgo/local_setup.sh
[0.219s] -- Up-to-date: /home/ubuntu/bump-and-go-with-behavior-trees-cristinaStratan1/install/bt_bumpgo/share/bt_bumpgo/local_setup.zsh
[0.219s] -- Up-to-date: /home/ubuntu/bump-and-go-with-behavior-trees-cristinaStratan1/install/bt_bumpgo/share/bt_bumpgo/local_setup.dsv
[0.219s] -- Installing: /home/ubuntu/bump-and-go-with-behavior-trees-cristinaStratan1/install/bt_bumpgo/share/bt_bumpgo/package.dsv
[0.219s] -- Up-to-date: /home/ubuntu/bump-and-go-with-behavior-trees-cristinaStratan1/install/bt_bumpgo/share/ament_index/resource_index/packages/bt_bumpgo
[0.219s] -- Up-to-date: /home/ubuntu/bump-and-go-with-behavior-trees-cristinaStratan1/install/bt_bumpgo/share/bt_bumpgo/cmake/ament_cmake_export_include_directories-extras.cmake
[0.219s] -- Up-to-date: /home/ubuntu/bump-and-go-with-behavior-trees-cristinaStratan1/install/bt_bumpgo/share/bt_bumpgo/cmake/ament_cmake_export_dependencies-extras.cmake
[0.219s] -- Up-to-date: /home/ubuntu/bump-and-go-with-behavior-trees-cristinaStratan1/install/bt_bumpgo/share/bt_bumpgo/cmake/bt_bumpgoConfig.cmake
[0.220s] -- Up-to-date: /home/ubuntu/bump-and-go-with-behavior-trees-cristinaStratan1/install/bt_bumpgo/share/bt_bumpgo/cmake/bt_bumpgoConfig-version.cmake
[0.220s] -- Up-to-date: /home/ubuntu/bump-and-go-with-behavior-trees-cristinaStratan1/install/bt_bumpgo/share/bt_bumpgo/package.xml
[0.220s] -- Up-to-date: /home/ubuntu/bump-and-go-with-behavior-trees-cristinaStratan1/install/bt_bumpgo/lib/bt_bumpgo/bt_forward
[0.221s] Invoked command in '/home/ubuntu/bump-and-go-with-behavior-trees-cristinaStratan1/build/bt_bumpgo' returned '0': CMAKE_PREFIX_PATH=${CMAKE_PREFIX_PATH}:/home/ubuntu/rebet_ws/install/aal:/opt/ros/humble /usr/bin/cmake --install /home/ubuntu/bump-and-go-with-behavior-trees-cristinaStratan1/build/bt_bumpgo
