[ 11%] Built target br2_forward_bt_node
[ 22%] Built target bt_forward
[ 33%] Built target gtest
[ 44%] Built target gtest_main
[ 55%] Built target bt_bumpgo_main
[ 66%] Built target bt_action_test
[ 77%] Built target br2_is_obstacle_bt_node
[ 88%] Built target br2_turn_bt_node
[100%] Built target br2_back_bt_node
-- Install configuration: ""
-- Up-to-date: /home/ubuntu/bump-and-go-with-behavior-trees-cristinaStratan1/install/bt_bumpgo/lib/libbr2_forward_bt_node.so
-- Up-to-date: /home/ubuntu/bump-and-go-with-behavior-trees-cristinaStratan1/install/bt_bumpgo/lib/libbr2_back_bt_node.so
-- Up-to-date: /home/ubuntu/bump-and-go-with-behavior-trees-cristinaStratan1/install/bt_bumpgo/lib/libbr2_turn_bt_node.so
-- Up-to-date: /home/ubuntu/bump-and-go-with-behavior-trees-cristinaStratan1/install/bt_bumpgo/lib/libbr2_is_obstacle_bt_node.so
-- Up-to-date: /home/ubuntu/bump-and-go-with-behavior-trees-cristinaStratan1/install/bt_bumpgo/lib/bt_bumpgo/bt_bumpgo_main
-- Up-to-date: /home/ubuntu/bump-and-go-with-behavior-trees-cristinaStratan1/install/bt_bumpgo/include/
-- Up-to-date: /home/ubuntu/bump-and-go-with-behavior-trees-cristinaStratan1/install/bt_bumpgo/include//bt_bumpgo
-- Up-to-date: /home/ubuntu/bump-and-go-with-behavior-trees-cristinaStratan1/install/bt_bumpgo/include//bt_bumpgo/IsObstacle.hpp
-- Up-to-date: /home/ubuntu/bump-and-go-with-behavior-trees-cristinaStratan1/install/bt_bumpgo/include//bt_bumpgo/Turn.hpp
-- Up-to-date: /home/ubuntu/bump-and-go-with-behavior-trees-cristinaStratan1/install/bt_bumpgo/include//bt_bumpgo/Back.hpp
-- Up-to-date: /home/ubuntu/bump-and-go-with-behavior-trees-cristinaStratan1/install/bt_bumpgo/include//bt_bumpgo/Forward.hpp
-- Up-to-date: /home/ubuntu/bump-and-go-with-behavior-trees-cristinaStratan1/install/bt_bumpgo/share/bt_bumpgo/behavior_tree_xml
-- Up-to-date: /home/ubuntu/bump-and-go-with-behavior-trees-cristinaStratan1/install/bt_bumpgo/share/bt_bumpgo/behavior_tree_xml/bumpgo.xml
-- Up-to-date: /home/ubuntu/bump-and-go-with-behavior-trees-cristinaStratan1/install/bt_bumpgo/share/bt_bumpgo/behavior_tree_xml/test_turn.xml
-- Up-to-date: /home/ubuntu/bump-and-go-with-behavior-trees-cristinaStratan1/install/bt_bumpgo/share/bt_bumpgo/launch
-- Up-to-date: /home/ubuntu/bump-and-go-with-behavior-trees-cristinaStratan1/install/bt_bumpgo/share/bt_bumpgo/launch/bumpgo.launch.py
-- Installing: /home/ubuntu/bump-and-go-with-behavior-trees-cristinaStratan1/install/bt_bumpgo/share/bt_bumpgo/launch/__pycache__
-- Installing: /home/ubuntu/bump-and-go-with-behavior-trees-cristinaStratan1/install/bt_bumpgo/share/bt_bumpgo/launch/__pycache__/bumpgo.launch.cpython-310.pyc
-- Up-to-date: /home/ubuntu/bump-and-go-with-behavior-trees-cristinaStratan1/install/bt_bumpgo/share/ament_index/resource_index/package_run_dependencies/bt_bumpgo
-- Up-to-date: /home/ubuntu/bump-and-go-with-behavior-trees-cristinaStratan1/install/bt_bumpgo/share/ament_index/resource_index/parent_prefix_path/bt_bumpgo
-- Up-to-date: /home/ubuntu/bump-and-go-with-behavior-trees-cristinaStratan1/install/bt_bumpgo/share/bt_bumpgo/environment/ament_prefix_path.sh
-- Up-to-date: /home/ubuntu/bump-and-go-with-behavior-trees-cristinaStratan1/install/bt_bumpgo/share/bt_bumpgo/environment/ament_prefix_path.dsv
-- Up-to-date: /home/ubuntu/bump-and-go-with-behavior-trees-cristinaStratan1/install/bt_bumpgo/share/bt_bumpgo/environment/path.sh
-- Up-to-date: /home/ubuntu/bump-and-go-with-behavior-trees-cristinaStratan1/install/bt_bumpgo/share/bt_bumpgo/environment/path.dsv
-- Up-to-date: /home/ubuntu/bump-and-go-with-behavior-trees-cristinaStratan1/install/bt_bumpgo/share/bt_bumpgo/local_setup.bash
-- Up-to-date: /home/ubuntu/bump-and-go-with-behavior-trees-cristinaStratan1/install/bt_bumpgo/share/bt_bumpgo/local_setup.sh
-- Up-to-date: /home/ubuntu/bump-and-go-with-behavior-trees-cristinaStratan1/install/bt_bumpgo/share/bt_bumpgo/local_setup.zsh
-- Up-to-date: /home/ubuntu/bump-and-go-with-behavior-trees-cristinaStratan1/install/bt_bumpgo/share/bt_bumpgo/local_setup.dsv
-- Installing: /home/ubuntu/bump-and-go-with-behavior-trees-cristinaStratan1/install/bt_bumpgo/share/bt_bumpgo/package.dsv
-- Up-to-date: /home/ubuntu/bump-and-go-with-behavior-trees-cristinaStratan1/install/bt_bumpgo/share/ament_index/resource_index/packages/bt_bumpgo
-- Up-to-date: /home/ubuntu/bump-and-go-with-behavior-trees-cristinaStratan1/install/bt_bumpgo/share/bt_bumpgo/cmake/ament_cmake_export_include_directories-extras.cmake
-- Up-to-date: /home/ubuntu/bump-and-go-with-behavior-trees-cristinaStratan1/install/bt_bumpgo/share/bt_bumpgo/cmake/ament_cmake_export_dependencies-extras.cmake
-- Up-to-date: /home/ubuntu/bump-and-go-with-behavior-trees-cristinaStratan1/install/bt_bumpgo/share/bt_bumpgo/cmake/bt_bumpgoConfig.cmake
-- Up-to-date: /home/ubuntu/bump-and-go-with-behavior-trees-cristinaStratan1/install/bt_bumpgo/share/bt_bumpgo/cmake/bt_bumpgoConfig-version.cmake
-- Up-to-date: /home/ubuntu/bump-and-go-with-behavior-trees-cristinaStratan1/install/bt_bumpgo/share/bt_bumpgo/package.xml
-- Up-to-date: /home/ubuntu/bump-and-go-with-behavior-trees-cristinaStratan1/install/bt_bumpgo/lib/bt_bumpgo/bt_forward
