[0.016s] Invoking command in '/home/ubuntu/bump-and-go-with-behavior-trees-cristinaStratan1/build/bt_bumpgo': CMAKE_PREFIX_PATH=${CMAKE_PREFIX_PATH}:/home/ubuntu/rebet_ws/install/aal:/opt/ros/humble /usr/bin/cmake /home/ubuntu/bump-and-go-with-behavior-trees-cristinaStratan1 -DCMAKE_INSTALL_PREFIX=/home/ubuntu/bump-and-go-with-behavior-trees-cristinaStratan1/install/bt_bumpgo
[0.181s] -- The C compiler identification is GNU 11.4.0
[0.308s] -- The CXX compiler identification is GNU 11.4.0
[0.323s] -- Detecting C compiler ABI info
[0.406s] -- Detecting C compiler ABI info - done
[0.414s] -- Check for working C compiler: /usr/bin/cc - skipped
[0.416s] -- Detecting C compile features
[0.418s] -- Detecting C compile features - done
[0.422s] -- Detecting CXX compiler ABI info
[0.507s] -- Detecting CXX compiler ABI info - done
[0.513s] -- Check for working CXX compiler: /usr/bin/c++ - skipped
[0.514s] -- Detecting CXX compile features
[0.514s] -- Detecting CXX compile features - done
[0.528s] -- Found ament_cmake: 1.3.9 (/opt/ros/humble/share/ament_cmake/cmake)
[0.695s] -- Found Python3: /usr/bin/python3 (found version "3.10.12") found components: Interpreter 
[0.851s] -- Found rclcpp: 16.0.9 (/opt/ros/humble/share/rclcpp/cmake)
[0.949s] -- Found rosidl_generator_c: 3.1.5 (/opt/ros/humble/share/rosidl_generator_c/cmake)
[0.962s] -- Found rosidl_adapter: 3.1.5 (/opt/ros/humble/share/rosidl_adapter/cmake)
[0.982s] -- Found rosidl_generator_cpp: 3.1.5 (/opt/ros/humble/share/rosidl_generator_cpp/cmake)
[1.010s] -- Using all available rosidl_typesupport_c: rosidl_typesupport_fastrtps_c;rosidl_typesupport_introspection_c
[1.044s] -- Using all available rosidl_typesupport_cpp: rosidl_typesupport_fastrtps_cpp;rosidl_typesupport_introspection_cpp
[1.160s] -- Found rmw_implementation_cmake: 6.1.2 (/opt/ros/humble/share/rmw_implementation_cmake/cmake)
[1.169s] -- Found rmw_fastrtps_cpp: 6.2.6 (/opt/ros/humble/share/rmw_fastrtps_cpp/cmake)
[1.323s] -- Found OpenSSL: /usr/lib/x86_64-linux-gnu/libcrypto.so (found version "3.0.2")  
[1.363s] -- Found FastRTPS: /opt/ros/humble/include  
[1.429s] -- Using RMW implementation 'rmw_fastrtps_cpp' as default
[1.456s] -- Looking for pthread.h
[1.543s] -- Looking for pthread.h - found
[1.543s] -- Performing Test CMAKE_HAVE_LIBC_PTHREAD
[1.623s] -- Performing Test CMAKE_HAVE_LIBC_PTHREAD - Success
[1.624s] -- Found Threads: TRUE  
[1.835s] -- Found sensor_msgs: 4.2.3 (/opt/ros/humble/share/sensor_msgs/cmake)
[1.979s] -- Found ZMQ: /usr/lib/x86_64-linux-gnu/libzmq.so  
[1.979s] -- ZeroMQ found.
[1.997s] -- Found ament_lint_auto: 0.12.11 (/opt/ros/humble/share/ament_lint_auto/cmake)
[2.127s] -- Found gtest sources under '/opt/ros/humble/src/gtest_vendor': C++ tests using 'Google Test' will be built
[2.140s] -- Added test 'copyright' to check source files copyright and LICENSE
[2.147s] -- Added test 'cppcheck' to perform static code analysis on C / C++ code
[2.148s] -- Configured cppcheck include dirs: /home/ubuntu/bump-and-go-with-behavior-trees-cristinaStratan1/include
[2.148s] -- Configured cppcheck exclude dirs and/or files: 
[2.155s] -- Added test 'cpplint' to check C / C++ code against the Google style
[2.155s] -- Configured cpplint exclude dirs and/or files: 
[2.157s] -- Added test 'flake8' to check Python code syntax and style conventions
[2.159s] -- Added test 'lint_cmake' to check CMake code style
[2.161s] -- Added test 'pep257' to check Python code against some of the docstring style conventions in PEP 257
[2.168s] -- Added test 'uncrustify' to check C / C++ code style
[2.168s] -- Configured uncrustify additional arguments: 
[2.170s] -- Added test 'xmllint' to check XML markup files
[2.174s] -- Configuring done
[2.209s] -- Generating done
[2.212s] -- Build files have been written to: /home/ubuntu/bump-and-go-with-behavior-trees-cristinaStratan1/build/bt_bumpgo
[2.222s] Invoked command in '/home/ubuntu/bump-and-go-with-behavior-trees-cristinaStratan1/build/bt_bumpgo' returned '0': CMAKE_PREFIX_PATH=${CMAKE_PREFIX_PATH}:/home/ubuntu/rebet_ws/install/aal:/opt/ros/humble /usr/bin/cmake /home/ubuntu/bump-and-go-with-behavior-trees-cristinaStratan1 -DCMAKE_INSTALL_PREFIX=/home/ubuntu/bump-and-go-with-behavior-trees-cristinaStratan1/install/bt_bumpgo
[2.224s] Invoking command in '/home/ubuntu/bump-and-go-with-behavior-trees-cristinaStratan1/build/bt_bumpgo': CMAKE_PREFIX_PATH=${CMAKE_PREFIX_PATH}:/home/ubuntu/rebet_ws/install/aal:/opt/ros/humble /usr/bin/cmake --build /home/ubuntu/bump-and-go-with-behavior-trees-cristinaStratan1/build/bt_bumpgo -- -j16 -l16
[2.287s] [ 22%] [32mBuilding CXX object CMakeFiles/br2_back_bt_node.dir/src/bt_bumpgo/Back.cpp.o[0m
[2.288s] [ 22%] [32mBuilding CXX object CMakeFiles/br2_forward_bt_node.dir/src/bt_bumpgo/Forward.cpp.o[0m
[2.288s] [ 22%] [32mBuilding CXX object CMakeFiles/br2_turn_bt_node.dir/src/bt_bumpgo/Turn.cpp.o[0m
[2.288s] [ 22%] [32mBuilding CXX object CMakeFiles/br2_is_obstacle_bt_node.dir/src/bt_bumpgo/IsObstacle.cpp.o[0m
[2.288s] [ 33%] [32mBuilding CXX object gtest/CMakeFiles/gtest.dir/src/gtest-all.cc.o[0m
[2.289s] [ 33%] [32mBuilding CXX object CMakeFiles/bt_bumpgo_main.dir/src/bt_bumpgo_main.cpp.o[0m
[2.289s] [ 38%] [32mBuilding CXX object gtest/CMakeFiles/gtest_main.dir/src/gtest_main.cc.o[0m
[2.289s] [ 44%] [32mBuilding CXX object tests/CMakeFiles/bt_forward.dir/bt_forward_main.cpp.o[0m
[3.846s] [ 50%] [32m[1mLinking CXX static library libgtest_main.a[0m
[3.905s] [ 50%] Built target gtest_main
[7.288s] [01m[K/home/ubuntu/bump-and-go-with-behavior-trees-cristinaStratan1/src/bt_bumpgo/Turn.cpp:[m[K In member function ‘[01m[Kvirtual BT::NodeStatus bt_bumpgo::Turn::tick()[m[K’:
[7.288s] [01m[K/home/ubuntu/bump-and-go-with-behavior-trees-cristinaStratan1/src/bt_bumpgo/Turn.cpp:60:54:[m[K [01;31m[Kerror: [m[Kno match for ‘[01m[Koperator>=[m[K’ (operand types are ‘[01m[Kdouble[m[K’ and ‘[01m[Kstd::chrono::seconds[m[K’ {aka ‘[01m[Kstd::chrono::duration<long int>[m[K’})
[7.288s]    60 |   if ([32m[Knode_->now().seconds() - start_time_.seconds()[m[K [01;31m[K>=[m[K [34m[K3s[m[K){
[7.288s]       |       [32m[K~~~~~~~~~~~~~~~~~~~~~~~~~~~~~~~~~~~~~~~~~~~~~~[m[K [01;31m[K^~[m[K [34m[K~~[m[K
[7.289s]       |                              [32m[K|[m[K                          [34m[K|[m[K
[7.289s]       |                              [32m[Kdouble[m[K                     [34m[Kstd::chrono::seconds {aka std::chrono::duration<long int>}[m[K
[7.290s] In file included from [01m[K/usr/include/c++/11/bits/stl_algobase.h:64[m[K,
[7.290s]                  from [01m[K/usr/include/c++/11/bits/char_traits.h:39[m[K,
[7.291s]                  from [01m[K/usr/include/c++/11/string:40[m[K,
[7.291s]                  from [01m[K/home/ubuntu/bump-and-go-with-behavior-trees-cristinaStratan1/src/bt_bumpgo/Turn.cpp:15[m[K:
[7.291s] [01m[K/usr/include/c++/11/bits/stl_pair.h:514:5:[m[K [01;36m[Knote: [m[Kcandidate: ‘[01m[Ktemplate<class _T1, class _T2> constexpr bool std::operator>=(const std::pair<_T1, _T2>&, const std::pair<_T1, _T2>&)[m[K’
[7.292s]   514 |     [01;36m[Koperator[m[K>=(const pair<_T1, _T2>& __x, const pair<_T1, _T2>& __y)
[7.293s]       |     [01;36m[K^~~~~~~~[m[K
[7.293s] [01m[K/usr/include/c++/11/bits/stl_pair.h:514:5:[m[K [01;36m[Knote: [m[K  template argument deduction/substitution failed:
[7.294s] [01m[K/home/ubuntu/bump-and-go-with-behavior-trees-cristinaStratan1/src/bt_bumpgo/Turn.cpp:60:57:[m[K [01;36m[Knote: [m[K  mismatched types ‘[01m[Kconst std::pair<_T1, _T2>[m[K’ and ‘[01m[Kdouble[m[K’
[7.294s]    60 |   if (node_->now().seconds() - start_time_.seconds() >= [01;36m[K3s[m[K){
[7.294s]       |                                                         [01;36m[K^~[m[K
[7.294s] In file included from [01m[K/usr/include/c++/11/bits/stl_algobase.h:67[m[K,
[7.294s]                  from [01m[K/usr/include/c++/11/bits/char_traits.h:39[m[K,
[7.295s]                  from [01m[K/usr/include/c++/11/string:40[m[K,
[7.295s]                  from [01m[K/home/ubuntu/bump-and-go-with-behavior-trees-cristinaStratan1/src/bt_bumpgo/Turn.cpp:15[m[K:
[7.296s] [01m[K/usr/include/c++/11/bits/stl_iterator.h:450:5:[m[K [01;36m[Knote: [m[Kcandidate: ‘[01m[Ktemplate<class _Iterator> constexpr bool std::operator>=(const std::reverse_iterator<_Iterator>&, const std::reverse_iterator<_Iterator>&)[m[K’
[7.296s]   450 |     [01;36m[Koperator[m[K>=(const reverse_iterator<_Iterator>& __x,
[7.296s]       |     [01;36m[K^~~~~~~~[m[K
[7.296s] [01m[K/usr/include/c++/11/bits/stl_iterator.h:450:5:[m[K [01;36m[Knote: [m[K  template argument deduction/substitution failed:
[7.298s] [01m[K/home/ubuntu/bump-and-go-with-behavior-trees-cristinaStratan1/src/bt_bumpgo/Turn.cpp:60:57:[m[K [01;36m[Knote: [m[K  mismatched types ‘[01m[Kconst std::reverse_iterator<_Iterator>[m[K’ and ‘[01m[Kdouble[m[K’
[7.298s]    60 |   if (node_->now().seconds() - start_time_.seconds() >= [01;36m[K3s[m[K){
[7.298s]       |                                                         [01;36m[K^~[m[K
[7.298s] In file included from [01m[K/usr/include/c++/11/bits/stl_algobase.h:67[m[K,
[7.299s]                  from [01m[K/usr/include/c++/11/bits/char_traits.h:39[m[K,
[7.299s]                  from [01m[K/usr/include/c++/11/string:40[m[K,
[7.299s]                  from [01m[K/home/ubuntu/bump-and-go-with-behavior-trees-cristinaStratan1/src/bt_bumpgo/Turn.cpp:15[m[K:
[7.299s] [01m[K/usr/include/c++/11/bits/stl_iterator.h:489:5:[m[K [01;36m[Knote: [m[Kcandidate: ‘[01m[Ktemplate<class _IteratorL, class _IteratorR> constexpr bool std::operator>=(const std::reverse_iterator<_Iterator>&, const std::reverse_iterator<_IteratorR>&)[m[K’
[7.300s]   489 |     [01;36m[Koperator[m[K>=(const reverse_iterator<_IteratorL>& __x,
[7.300s]       |     [01;36m[K^~~~~~~~[m[K
[7.300s] [01m[K/usr/include/c++/11/bits/stl_iterator.h:489:5:[m[K [01;36m[Knote: [m[K  template argument deduction/substitution failed:
[7.300s] [01m[K/home/ubuntu/bump-and-go-with-behavior-trees-cristinaStratan1/src/bt_bumpgo/Turn.cpp:60:57:[m[K [01;36m[Knote: [m[K  mismatched types ‘[01m[Kconst std::reverse_iterator<_Iterator>[m[K’ and ‘[01m[Kdouble[m[K’
[7.300s]    60 |   if (node_->now().seconds() - start_time_.seconds() >= [01;36m[K3s[m[K){
[7.300s]       |                                                         [01;36m[K^~[m[K
[7.300s] In file included from [01m[K/usr/include/c++/11/bits/stl_algobase.h:67[m[K,
[7.301s]                  from [01m[K/usr/include/c++/11/bits/char_traits.h:39[m[K,
[7.301s]                  from [01m[K/usr/include/c++/11/string:40[m[K,
[7.301s]                  from [01m[K/home/ubuntu/bump-and-go-with-behavior-trees-cristinaStratan1/src/bt_bumpgo/Turn.cpp:15[m[K:
[7.301s] [01m[K/usr/include/c++/11/bits/stl_iterator.h:1636:5:[m[K [01;36m[Knote: [m[Kcandidate: ‘[01m[Ktemplate<class _IteratorL, class _IteratorR> constexpr bool std::operator>=(const std::move_iterator<_IteratorL>&, const std::move_iterator<_IteratorR>&)[m[K’
[7.301s]  1636 |     [01;36m[Koperator[m[K>=(const move_iterator<_IteratorL>& __x,
[7.301s]       |     [01;36m[K^~~~~~~~[m[K
[7.301s] [01m[K/usr/include/c++/11/bits/stl_iterator.h:1636:5:[m[K [01;36m[Knote: [m[K  template argument deduction/substitution failed:
[7.301s] [01m[K/home/ubuntu/bump-and-go-with-behavior-trees-cristinaStratan1/src/bt_bumpgo/Turn.cpp:60:57:[m[K [01;36m[Knote: [m[K  mismatched types ‘[01m[Kconst std::move_iterator<_IteratorL>[m[K’ and ‘[01m[Kdouble[m[K’
[7.301s]    60 |   if (node_->now().seconds() - start_time_.seconds() >= [01;36m[K3s[m[K){
[7.301s]       |                                                         [01;36m[K^~[m[K
[7.301s] In file included from [01m[K/usr/include/c++/11/bits/stl_algobase.h:67[m[K,
[7.302s]                  from [01m[K/usr/include/c++/11/bits/char_traits.h:39[m[K,
[7.302s]                  from [01m[K/usr/include/c++/11/string:40[m[K,
[7.302s]                  from [01m[K/home/ubuntu/bump-and-go-with-behavior-trees-cristinaStratan1/src/bt_bumpgo/Turn.cpp:15[m[K:
[7.302s] [01m[K/usr/include/c++/11/bits/stl_iterator.h:1685:5:[m[K [01;36m[Knote: [m[Kcandidate: ‘[01m[Ktemplate<class _Iterator> constexpr bool std::operator>=(const std::move_iterator<_IteratorL>&, const std::move_iterator<_IteratorL>&)[m[K’
[7.302s]  1685 |     [01;36m[Koperator[m[K>=(const move_iterator<_Iterator>& __x,
[7.302s]       |     [01;36m[K^~~~~~~~[m[K
[7.302s] [01m[K/usr/include/c++/11/bits/stl_iterator.h:1685:5:[m[K [01;36m[Knote: [m[K  template argument deduction/substitution failed:
[7.302s] [01m[K/home/ubuntu/bump-and-go-with-behavior-trees-cristinaStratan1/src/bt_bumpgo/Turn.cpp:60:57:[m[K [01;36m[Knote: [m[K  mismatched types ‘[01m[Kconst std::move_iterator<_IteratorL>[m[K’ and ‘[01m[Kdouble[m[K’
[7.302s]    60 |   if (node_->now().seconds() - start_time_.seconds() >= [01;36m[K3s[m[K){
[7.303s]       |                                                         [01;36m[K^~[m[K
[7.303s] In file included from [01m[K/usr/include/c++/11/bits/basic_string.h:48[m[K,
[7.303s]                  from [01m[K/usr/include/c++/11/string:55[m[K,
[7.303s]                  from [01m[K/home/ubuntu/bump-and-go-with-behavior-trees-cristinaStratan1/src/bt_bumpgo/Turn.cpp:15[m[K:
[7.303s] [01m[K/usr/include/c++/11/string_view:646:5:[m[K [01;36m[Knote: [m[Kcandidate: ‘[01m[Ktemplate<class _CharT, class _Traits> constexpr bool std::operator>=(std::basic_string_view<_CharT, _Traits>, std::basic_string_view<_CharT, _Traits>)[m[K’
[7.303s]   646 |     [01;36m[Koperator[m[K>=(basic_string_view<_CharT, _Traits> __x,
[7.304s]       |     [01;36m[K^~~~~~~~[m[K
[7.304s] [01m[K/usr/include/c++/11/string_view:646:5:[m[K [01;36m[Knote: [m[K  template argument deduction/substitution failed:
[7.304s] [01m[K/home/ubuntu/bump-and-go-with-behavior-trees-cristinaStratan1/src/bt_bumpgo/Turn.cpp:60:57:[m[K [01;36m[Knote: [m[K  mismatched types ‘[01m[Kstd::basic_string_view<_CharT, _Traits>[m[K’ and ‘[01m[Kdouble[m[K’
[7.304s]    60 |   if (node_->now().seconds() - start_time_.seconds() >= [01;36m[K3s[m[K){
[7.304s]       |                                                         [01;36m[K^~[m[K
[7.304s] In file included from [01m[K/usr/include/c++/11/bits/basic_string.h:48[m[K,
[7.304s]                  from [01m[K/usr/include/c++/11/string:55[m[K,
[7.304s]                  from [01m[K/home/ubuntu/bump-and-go-with-behavior-trees-cristinaStratan1/src/bt_bumpgo/Turn.cpp:15[m[K:
[7.305s] [01m[K/usr/include/c++/11/string_view:652:5:[m[K [01;36m[Knote: [m[Kcandidate: ‘[01m[Ktemplate<class _CharT, class _Traits> constexpr bool std::operator>=(std::basic_string_view<_CharT, _Traits>, std::__type_identity_t<std::basic_string_view<_CharT, _Traits> >)[m[K’
[7.305s]   652 |     [01;36m[Koperator[m[K>=(basic_string_view<_CharT, _Traits> __x,
[7.305s]       |     [01;36m[K^~~~~~~~[m[K
[7.305s] [01m[K/usr/include/c++/11/string_view:652:5:[m[K [01;36m[Knote: [m[K  template argument deduction/substitution failed:
[7.305s] [01m[K/home/ubuntu/bump-and-go-with-behavior-trees-cristinaStratan1/src/bt_bumpgo/Turn.cpp:60:57:[m[K [01;36m[Knote: [m[K  mismatched types ‘[01m[Kstd::basic_string_view<_CharT, _Traits>[m[K’ and ‘[01m[Kdouble[m[K’
[7.305s]    60 |   if (node_->now().seconds() - start_time_.seconds() >= [01;36m[K3s[m[K){
[7.305s]       |                                                         [01;36m[K^~[m[K
[7.305s] In file included from [01m[K/usr/include/c++/11/bits/basic_string.h:48[m[K,
[7.305s]                  from [01m[K/usr/include/c++/11/string:55[m[K,
[7.305s]                  from [01m[K/home/ubuntu/bump-and-go-with-behavior-trees-cristinaStratan1/src/bt_bumpgo/Turn.cpp:15[m[K:
[7.306s] [01m[K/usr/include/c++/11/string_view:659:5:[m[K [01;36m[Knote: [m[Kcandidate: ‘[01m[Ktemplate<class _CharT, class _Traits> constexpr bool std::operator>=(std::__type_identity_t<std::basic_string_view<_CharT, _Traits> >, std::basic_string_view<_CharT, _Traits>)[m[K’
[7.306s]   659 |     [01;36m[Koperator[m[K>=(__type_identity_t<basic_string_view<_CharT, _Traits>> __x,
[7.306s]       |     [01;36m[K^~~~~~~~[m[K
[7.306s] [01m[K/usr/include/c++/11/string_view:659:5:[m[K [01;36m[Knote: [m[K  template argument deduction/substitution failed:
[7.306s] [01m[K/home/ubuntu/bump-and-go-with-behavior-trees-cristinaStratan1/src/bt_bumpgo/Turn.cpp:60:57:[m[K [01;36m[Knote: [m[K  ‘[01m[Kstd::chrono::duration<long int>[m[K’ is not derived from ‘[01m[Kstd::basic_string_view<_CharT, _Traits>[m[K’
[7.306s]    60 |   if (node_->now().seconds() - start_time_.seconds() >= [01;36m[K3s[m[K){
[7.306s]       |                                                         [01;36m[K^~[m[K
[7.306s] In file included from [01m[K/usr/include/c++/11/string:55[m[K,
[7.306s]                  from [01m[K/home/ubuntu/bump-and-go-with-behavior-trees-cristinaStratan1/src/bt_bumpgo/Turn.cpp:15[m[K:
[7.306s] [01m[K/usr/include/c++/11/bits/basic_string.h:6454:5:[m[K [01;36m[Knote: [m[Kcandidate: ‘[01m[Ktemplate<class _CharT, class _Traits, class _Alloc> bool std::operator>=(const std::__cxx11::basic_string<_CharT, _Traits, _Allocator>&, const std::__cxx11::basic_string<_CharT, _Traits, _Allocator>&)[m[K’
[7.306s]  6454 |     [01;36m[Koperator[m[K>=(const basic_string<_CharT, _Traits, _Alloc>& __lhs,
[7.306s]       |     [01;36m[K^~~~~~~~[m[K
[7.306s] [01m[K/usr/include/c++/11/bits/basic_string.h:6454:5:[m[K [01;36m[Knote: [m[K  template argument deduction/substitution failed:
[7.307s] [01m[K/home/ubuntu/bump-and-go-with-behavior-trees-cristinaStratan1/src/bt_bumpgo/Turn.cpp:60:57:[m[K [01;36m[Knote: [m[K  mismatched types ‘[01m[Kconst std::__cxx11::basic_string<_CharT, _Traits, _Allocator>[m[K’ and ‘[01m[Kdouble[m[K’
[7.307s]    60 |   if (node_->now().seconds() - start_time_.seconds() >= [01;36m[K3s[m[K){
[7.307s]       |                                                         [01;36m[K^~[m[K
[7.307s] In file included from [01m[K/usr/include/c++/11/string:55[m[K,
[7.307s]                  from [01m[K/home/ubuntu/bump-and-go-with-behavior-trees-cristinaStratan1/src/bt_bumpgo/Turn.cpp:15[m[K:
[7.307s] [01m[K/usr/include/c++/11/bits/basic_string.h:6467:5:[m[K [01;36m[Knote: [m[Kcandidate: ‘[01m[Ktemplate<class _CharT, class _Traits, class _Alloc> bool std::operator>=(const std::__cxx11::basic_string<_CharT, _Traits, _Allocator>&, const _CharT*)[m[K’
[7.307s]  6467 |     [01;36m[Koperator[m[K>=(const basic_string<_CharT, _Traits, _Alloc>& __lhs,
[7.307s]       |     [01;36m[K^~~~~~~~[m[K
[7.307s] [01m[K/usr/include/c++/11/bits/basic_string.h:6467:5:[m[K [01;36m[Knote: [m[K  template argument deduction/substitution failed:
[7.307s] [01m[K/home/ubuntu/bump-and-go-with-behavior-trees-cristinaStratan1/src/bt_bumpgo/Turn.cpp:60:57:[m[K [01;36m[Knote: [m[K  mismatched types ‘[01m[Kconst std::__cxx11::basic_string<_CharT, _Traits, _Allocator>[m[K’ and ‘[01m[Kdouble[m[K’
[7.307s]    60 |   if (node_->now().seconds() - start_time_.seconds() >= [01;36m[K3s[m[K){
[7.307s]       |                                                         [01;36m[K^~[m[K
[7.307s] In file included from [01m[K/usr/include/c++/11/string:55[m[K,
[7.308s]                  from [01m[K/home/ubuntu/bump-and-go-with-behavior-trees-cristinaStratan1/src/bt_bumpgo/Turn.cpp:15[m[K:
[7.308s] [01m[K/usr/include/c++/11/bits/basic_string.h:6479:5:[m[K [01;36m[Knote: [m[Kcandidate: ‘[01m[Ktemplate<class _CharT, class _Traits, class _Alloc> bool std::operator>=(const _CharT*, const std::__cxx11::basic_string<_CharT, _Traits, _Allocator>&)[m[K’
[7.308s]  6479 |     [01;36m[Koperator[m[K>=(const _CharT* __lhs,
[7.308s]       |     [01;36m[K^~~~~~~~[m[K
[7.308s] [01m[K/usr/include/c++/11/bits/basic_string.h:6479:5:[m[K [01;36m[Knote: [m[K  template argument deduction/substitution failed:
[7.308s] [01m[K/home/ubuntu/bump-and-go-with-behavior-trees-cristinaStratan1/src/bt_bumpgo/Turn.cpp:60:57:[m[K [01;36m[Knote: [m[K  mismatched types ‘[01m[Kconst _CharT*[m[K’ and ‘[01m[Kdouble[m[K’
[7.308s]    60 |   if (node_->now().seconds() - start_time_.seconds() >= [01;36m[K3s[m[K){
[7.308s]       |                                                         [01;36m[K^~[m[K
[7.308s] In file included from [01m[K/usr/include/c++/11/set:61[m[K,
[7.308s]                  from [01m[K/opt/ros/humble/include/behaviortree_cpp_v3/controls/parallel_node.h:16[m[K,
[7.308s]                  from [01m[K/opt/ros/humble/include/behaviortree_cpp_v3/behavior_tree.h:17[m[K,
[7.308s]                  from [01m[K/home/ubuntu/bump-and-go-with-behavior-trees-cristinaStratan1/include/bt_bumpgo/Turn.hpp:20[m[K,
[7.308s]                  from [01m[K/home/ubuntu/bump-and-go-with-behavior-trees-cristinaStratan1/src/bt_bumpgo/Turn.cpp:18[m[K:
[7.308s] [01m[K/usr/include/c++/11/bits/stl_set.h:1051:5:[m[K [01;36m[Knote: [m[Kcandidate: ‘[01m[Ktemplate<class _Key, class _Compare, class _Alloc> bool std::operator>=(const std::set<_Key, _Compare, _Allocator>&, const std::set<_Key, _Compare, _Allocator>&)[m[K’
[7.308s]  1051 |     [01;36m[Koperator[m[K>=(const set<_Key, _Compare, _Alloc>& __x,
[7.308s]       |     [01;36m[K^~~~~~~~[m[K
[7.308s] [01m[K/usr/include/c++/11/bits/stl_set.h:1051:5:[m[K [01;36m[Knote: [m[K  template argument deduction/substitution failed:
[7.309s] [01m[K/home/ubuntu/bump-and-go-with-behavior-trees-cristinaStratan1/src/bt_bumpgo/Turn.cpp:60:57:[m[K [01;36m[Knote: [m[K  mismatched types ‘[01m[Kconst std::set<_Key, _Compare, _Allocator>[m[K’ and ‘[01m[Kdouble[m[K’
[7.309s]    60 |   if (node_->now().seconds() - start_time_.seconds() >= [01;36m[K3s[m[K){
[7.309s]       |                                                         [01;36m[K^~[m[K
[7.309s] In file included from [01m[K/usr/include/c++/11/set:62[m[K,
[7.309s]                  from [01m[K/opt/ros/humble/include/behaviortree_cpp_v3/controls/parallel_node.h:16[m[K,
[7.309s]                  from [01m[K/opt/ros/humble/include/behaviortree_cpp_v3/behavior_tree.h:17[m[K,
[7.309s]                  from [01m[K/home/ubuntu/bump-and-go-with-behavior-trees-cristinaStratan1/include/bt_bumpgo/Turn.hpp:20[m[K,
[7.309s]                  from [01m[K/home/ubuntu/bump-and-go-with-behavior-trees-cristinaStratan1/src/bt_bumpgo/Turn.cpp:18[m[K:
[7.309s] [01m[K/usr/include/c++/11/bits/stl_multiset.h:1037:5:[m[K [01;36m[Knote: [m[Kcandidate: ‘[01m[Ktemplate<class _Key, class _Compare, class _Alloc> bool std::operator>=(const std::multiset<_Key, _Compare, _Allocator>&, const std::multiset<_Key, _Compare, _Allocator>&)[m[K’
[7.309s]  1037 |     [01;36m[Koperator[m[K>=(const multiset<_Key, _Compare, _Alloc>& __x,
[7.309s]       |     [01;36m[K^~~~~~~~[m[K
[7.309s] [01m[K/usr/include/c++/11/bits/stl_multiset.h:1037:5:[m[K [01;36m[Knote: [m[K  template argument deduction/substitution failed:
[7.309s] [01m[K/home/ubuntu/bump-and-go-with-behavior-trees-cristinaStratan1/src/bt_bumpgo/Turn.cpp:60:57:[m[K [01;36m[Knote: [m[K  mismatched types ‘[01m[Kconst std::multiset<_Key, _Compare, _Allocator>[m[K’ and ‘[01m[Kdouble[m[K’
[7.309s]    60 |   if (node_->now().seconds() - start_time_.seconds() >= [01;36m[K3s[m[K){
[7.309s]       |                                                         [01;36m[K^~[m[K
[7.309s] In file included from [01m[K/usr/include/c++/11/vector:67[m[K,
[7.310s]                  from [01m[K/opt/ros/humble/include/behaviortree_cpp_v3/control_node.h:16[m[K,
[7.310s]                  from [01m[K/opt/ros/humble/include/behaviortree_cpp_v3/controls/parallel_node.h:17[m[K,
[7.310s]                  from [01m[K/opt/ros/humble/include/behaviortree_cpp_v3/behavior_tree.h:17[m[K,
[7.310s]                  from [01m[K/home/ubuntu/bump-and-go-with-behavior-trees-cristinaStratan1/include/bt_bumpgo/Turn.hpp:20[m[K,
[7.310s]                  from [01m[K/home/ubuntu/bump-and-go-with-behavior-trees-cristinaStratan1/src/bt_bumpgo/Turn.cpp:18[m[K:
[7.310s] [01m[K/usr/include/c++/11/bits/stl_vector.h:1955:5:[m[K [01;36m[Knote: [m[Kcandidate: ‘[01m[Ktemplate<class _Tp, class _Alloc> bool std::operator>=(const std::vector<_Tp, _Alloc>&, const std::vector<_Tp, _Alloc>&)[m[K’
[7.310s]  1955 |     [01;36m[Koperator[m[K>=(const vector<_Tp, _Alloc>& __x, const vector<_Tp, _Alloc>& __y)
[7.310s]       |     [01;36m[K^~~~~~~~[m[K
[7.310s] [01m[K/usr/include/c++/11/bits/stl_vector.h:1955:5:[m[K [01;36m[Knote: [m[K  template argument deduction/substitution failed:
[7.310s] [01m[K/home/ubuntu/bump-and-go-with-behavior-trees-cristinaStratan1/src/bt_bumpgo/Turn.cpp:60:57:[m[K [01;36m[Knote: [m[K  mismatched types ‘[01m[Kconst std::vector<_Tp, _Alloc>[m[K’ and ‘[01m[Kdouble[m[K’
[7.311s]    60 |   if (node_->now().seconds() - start_time_.seconds() >= [01;36m[K3s[m[K){
[7.311s]       |                                                         [01;36m[K^~[m[K
[7.311s] In file included from [01m[K/usr/include/c++/11/tuple:39[m[K,
[7.311s]                  from [01m[K/usr/include/c++/11/bits/unique_ptr.h:37[m[K,
[7.311s]                  from [01m[K/usr/include/c++/11/bits/shared_ptr_base.h:59[m[K,
[7.311s]                  from [01m[K/usr/include/c++/11/bits/shared_ptr.h:53[m[K,
[7.311s]                  from [01m[K/usr/include/c++/11/condition_variable:43[m[K,
[7.312s]                  from [01m[K/opt/ros/humble/include/behaviortree_cpp_v3/tree_node.h:16[m[K,
[7.312s]                  from [01m[K/opt/ros/humble/include/behaviortree_cpp_v3/control_node.h:17[m[K,
[7.312s]                  from [01m[K/opt/ros/humble/include/behaviortree_cpp_v3/controls/parallel_node.h:17[m[K,
[7.312s]                  from [01m[K/opt/ros/humble/include/behaviortree_cpp_v3/behavior_tree.h:17[m[K,
[7.312s]                  from [01m[K/home/ubuntu/bump-and-go-with-behavior-trees-cristinaStratan1/include/bt_bumpgo/Turn.hpp:20[m[K,
[7.312s]                  from [01m[K/home/ubuntu/bump-and-go-with-behavior-trees-cristinaStratan1/src/bt_bumpgo/Turn.cpp:18[m[K:
[7.312s] [01m[K/usr/include/c++/11/array:332:5:[m[K [01;36m[Knote: [m[Kcandidate: ‘[01m[Ktemplate<class _Tp, long unsigned int _Nm> bool std::operator>=(const std::array<_Tp, _Nm>&, const std::array<_Tp, _Nm>&)[m[K’
[7.312s]   332 |     [01;36m[Koperator[m[K>=(const array<_Tp, _Nm>& __one, const array<_Tp, _Nm>& __two)
[7.312s]       |     [01;36m[K^~~~~~~~[m[K
[7.312s] [01m[K/usr/include/c++/11/array:332:5:[m[K [01;36m[Knote: [m[K  template argument deduction/substitution failed:
[7.312s] [01m[K/home/ubuntu/bump-and-go-with-behavior-trees-cristinaStratan1/src/bt_bumpgo/Turn.cpp:60:57:[m[K [01;36m[Knote: [m[K  mismatched types ‘[01m[Kconst std::array<_Tp, _Nm>[m[K’ and ‘[01m[Kdouble[m[K’
[7.312s]    60 |   if (node_->now().seconds() - start_time_.seconds() >= [01;36m[K3s[m[K){
[7.313s]       |                                                         [01;36m[K^~[m[K
[7.313s] In file included from [01m[K/usr/include/c++/11/bits/unique_ptr.h:37[m[K,
[7.313s]                  from [01m[K/usr/include/c++/11/bits/shared_ptr_base.h:59[m[K,
[7.313s]                  from [01m[K/usr/include/c++/11/bits/shared_ptr.h:53[m[K,
[7.313s]                  from [01m[K/usr/include/c++/11/condition_variable:43[m[K,
[7.313s]                  from [01m[K/opt/ros/humble/include/behaviortree_cpp_v3/tree_node.h:16[m[K,
[7.313s]                  from [01m[K/opt/ros/humble/include/behaviortree_cpp_v3/control_node.h:17[m[K,
[7.313s]                  from [01m[K/opt/ros/humble/include/behaviortree_cpp_v3/controls/parallel_node.h:17[m[K,
[7.313s]                  from [01m[K/opt/ros/humble/include/behaviortree_cpp_v3/behavior_tree.h:17[m[K,
[7.313s]                  from [01m[K/home/ubuntu/bump-and-go-with-behavior-trees-cristinaStratan1/include/bt_bumpgo/Turn.hpp:20[m[K,
[7.313s]                  from [01m[K/home/ubuntu/bump-and-go-with-behavior-trees-cristinaStratan1/src/bt_bumpgo/Turn.cpp:18[m[K:
[7.313s] [01m[K/usr/include/c++/11/tuple:1597:5:[m[K [01;36m[Knote: [m[Kcandidate: ‘[01m[Ktemplate<class ... _TElements, class ... _UElements> constexpr bool std::operator>=(const std::tuple<_Tps ...>&, const std::tuple<_Args2 ...>&)[m[K’
[7.313s]  1597 |     [01;36m[Koperator[m[K>=(const tuple<_TElements...>& __t,
[7.313s]       |     [01;36m[K^~~~~~~~[m[K
[7.313s] [01m[K/usr/include/c++/11/tuple:1597:5:[m[K [01;36m[Knote: [m[K  template argument deduction/substitution failed:
[7.314s] [01m[K/home/ubuntu/bump-and-go-with-behavior-trees-cristinaStratan1/src/bt_bumpgo/Turn.cpp:60:57:[m[K [01;36m[Knote: [m[K  mismatched types ‘[01m[Kconst std::tuple<_Tps ...>[m[K’ and ‘[01m[Kdouble[m[K’
[7.314s]    60 |   if (node_->now().seconds() - start_time_.seconds() >= [01;36m[K3s[m[K){
[7.314s]       |                                                         [01;36m[K^~[m[K
[7.314s] In file included from [01m[K/usr/include/c++/11/bits/shared_ptr_base.h:59[m[K,
[7.314s]                  from [01m[K/usr/include/c++/11/bits/shared_ptr.h:53[m[K,
[7.314s]                  from [01m[K/usr/include/c++/11/condition_variable:43[m[K,
[7.314s]                  from [01m[K/opt/ros/humble/include/behaviortree_cpp_v3/tree_node.h:16[m[K,
[7.314s]                  from [01m[K/opt/ros/humble/include/behaviortree_cpp_v3/control_node.h:17[m[K,
[7.314s]                  from [01m[K/opt/ros/humble/include/behaviortree_cpp_v3/controls/parallel_node.h:17[m[K,
[7.314s]                  from [01m[K/opt/ros/humble/include/behaviortree_cpp_v3/behavior_tree.h:17[m[K,
[7.314s]                  from [01m[K/home/ubuntu/bump-and-go-with-behavior-trees-cristinaStratan1/include/bt_bumpgo/Turn.hpp:20[m[K,
[7.314s]                  from [01m[K/home/ubuntu/bump-and-go-with-behavior-trees-cristinaStratan1/src/bt_bumpgo/Turn.cpp:18[m[K:
[7.314s] [01m[K/usr/include/c++/11/bits/unique_ptr.h:872:5:[m[K [01;36m[Knote: [m[Kcandidate: ‘[01m[Ktemplate<class _Tp, class _Dp, class _Up, class _Ep> bool std::operator>=(const std::unique_ptr<_Tp, _Dp>&, const std::unique_ptr<_Up, _Ep>&)[m[K’
[7.315s]   872 |     [01;36m[Koperator[m[K>=(const unique_ptr<_Tp, _Dp>& __x,
[7.315s]       |     [01;36m[K^~~~~~~~[m[K
[7.315s] [01m[K/usr/include/c++/11/bits/unique_ptr.h:872:5:[m[K [01;36m[Knote: [m[K  template argument deduction/substitution failed:
[7.315s] [01m[K/home/ubuntu/bump-and-go-with-behavior-trees-cristinaStratan1/src/bt_bumpgo/Turn.cpp:60:57:[m[K [01;36m[Knote: [m[K  mismatched types ‘[01m[Kconst std::unique_ptr<_Tp, _Dp>[m[K’ and ‘[01m[Kdouble[m[K’
[7.315s]    60 |   if (node_->now().seconds() - start_time_.seconds() >= [01;36m[K3s[m[K){
[7.315s]       |                                                         [01;36m[K^~[m[K
[7.315s] In file included from [01m[K/usr/include/c++/11/bits/shared_ptr_base.h:59[m[K,
[7.316s]                  from [01m[K/usr/include/c++/11/bits/shared_ptr.h:53[m[K,
[7.316s]                  from [01m[K/usr/include/c++/11/condition_variable:43[m[K,
[7.316s]                  from [01m[K/opt/ros/humble/include/behaviortree_cpp_v3/tree_node.h:16[m[K,
[7.316s]                  from [01m[K/opt/ros/humble/include/behaviortree_cpp_v3/control_node.h:17[m[K,
[7.316s]                  from [01m[K/opt/ros/humble/include/behaviortree_cpp_v3/controls/parallel_node.h:17[m[K,
[7.316s]                  from [01m[K/opt/ros/humble/include/behaviortree_cpp_v3/behavior_tree.h:17[m[K,
[7.316s]                  from [01m[K/home/ubuntu/bump-and-go-with-behavior-trees-cristinaStratan1/include/bt_bumpgo/Turn.hpp:20[m[K,
[7.316s]                  from [01m[K/home/ubuntu/bump-and-go-with-behavior-trees-cristinaStratan1/src/bt_bumpgo/Turn.cpp:18[m[K:
[7.316s] [01m[K/usr/include/c++/11/bits/unique_ptr.h:879:5:[m[K [01;36m[Knote: [m[Kcandidate: ‘[01m[Ktemplate<class _Tp, class _Dp> bool std::operator>=(const std::unique_ptr<_Tp, _Dp>&, std::nullptr_t)[m[K’
[7.316s]   879 |     [01;36m[Koperator[m[K>=(const unique_ptr<_Tp, _Dp>& __x, nullptr_t)
[7.316s]       |     [01;36m[K^~~~~~~~[m[K
[7.317s] [01m[K/usr/include/c++/11/bits/unique_ptr.h:879:5:[m[K [01;36m[Knote: [m[K  template argument deduction/substitution failed:
[7.317s] [01m[K/home/ubuntu/bump-and-go-with-behavior-trees-cristinaStratan1/src/bt_bumpgo/Turn.cpp:60:57:[m[K [01;36m[Knote: [m[K  mismatched types ‘[01m[Kconst std::unique_ptr<_Tp, _Dp>[m[K’ and ‘[01m[Kdouble[m[K’
[7.317s]    60 |   if (node_->now().seconds() - start_time_.seconds() >= [01;36m[K3s[m[K){
[7.317s]       |                                                         [01;36m[K^~[m[K
[7.317s] In file included from [01m[K/usr/include/c++/11/bits/shared_ptr_base.h:59[m[K,
[7.317s]                  from [01m[K/usr/include/c++/11/bits/shared_ptr.h:53[m[K,
[7.317s]                  from [01m[K/usr/include/c++/11/condition_variable:43[m[K,
[7.318s]                  from [01m[K/opt/ros/humble/include/behaviortree_cpp_v3/tree_node.h:16[m[K,
[7.318s]                  from [01m[K/opt/ros/humble/include/behaviortree_cpp_v3/control_node.h:17[m[K,
[7.318s]                  from [01m[K/opt/ros/humble/include/behaviortree_cpp_v3/controls/parallel_node.h:17[m[K,
[7.318s]                  from [01m[K/opt/ros/humble/include/behaviortree_cpp_v3/behavior_tree.h:17[m[K,
[7.318s]                  from [01m[K/home/ubuntu/bump-and-go-with-behavior-trees-cristinaStratan1/include/bt_bumpgo/Turn.hpp:20[m[K,
[7.318s]                  from [01m[K/home/ubuntu/bump-and-go-with-behavior-trees-cristinaStratan1/src/bt_bumpgo/Turn.cpp:18[m[K:
[7.318s] [01m[K/usr/include/c++/11/bits/unique_ptr.h:885:5:[m[K [01;36m[Knote: [m[Kcandidate: ‘[01m[Ktemplate<class _Tp, class _Dp> bool std::operator>=(std::nullptr_t, const std::unique_ptr<_Tp, _Dp>&)[m[K’
[7.319s]   885 |     [01;36m[Koperator[m[K>=(nullptr_t, const unique_ptr<_Tp, _Dp>& __x)
[7.319s]       |     [01;36m[K^~~~~~~~[m[K
[7.319s] [01m[K/usr/include/c++/11/bits/unique_ptr.h:885:5:[m[K [01;36m[Knote: [m[K  template argument deduction/substitution failed:
[7.319s] [01m[K/home/ubuntu/bump-and-go-with-behavior-trees-cristinaStratan1/src/bt_bumpgo/Turn.cpp:60:57:[m[K [01;36m[Knote: [m[K  ‘[01m[Kstd::chrono::seconds[m[K’ {aka ‘[01m[Kstd::chrono::duration<long int>[m[K’} is not derived from ‘[01m[Kconst std::unique_ptr<_Tp, _Dp>[m[K’
[7.319s]    60 |   if (node_->now().seconds() - start_time_.seconds() >= [01;36m[K3s[m[K){
[7.320s]       |                                                         [01;36m[K^~[m[K
[7.320s] In file included from [01m[K/usr/include/c++/11/bits/shared_ptr.h:53[m[K,
[7.320s]                  from [01m[K/usr/include/c++/11/condition_variable:43[m[K,
[7.320s]                  from [01m[K/opt/ros/humble/include/behaviortree_cpp_v3/tree_node.h:16[m[K,
[7.320s]                  from [01m[K/opt/ros/humble/include/behaviortree_cpp_v3/control_node.h:17[m[K,
[7.320s]                  from [01m[K/opt/ros/humble/include/behaviortree_cpp_v3/controls/parallel_node.h:17[m[K,
[7.320s]                  from [01m[K/opt/ros/humble/include/behaviortree_cpp_v3/behavior_tree.h:17[m[K,
[7.320s]                  from [01m[K/home/ubuntu/bump-and-go-with-behavior-trees-cristinaStratan1/include/bt_bumpgo/Turn.hpp:20[m[K,
[7.321s]                  from [01m[K/home/ubuntu/bump-and-go-with-behavior-trees-cristinaStratan1/src/bt_bumpgo/Turn.cpp:18[m[K:
[7.321s] [01m[K/usr/include/c++/11/bits/shared_ptr_base.h:1516:5:[m[K [01;36m[Knote: [m[Kcandidate: ‘[01m[Ktemplate<class _Tp1, class _Tp2, __gnu_cxx::_Lock_policy _Lp> bool std::operator>=(const std::__shared_ptr<_Tp1, _Lp>&, const std::__shared_ptr<_Tp2, _Lp>&)[m[K’
[7.321s]  1516 |     [01;36m[Koperator[m[K>=(const __shared_ptr<_Tp1, _Lp>& __a,
[7.321s]       |     [01;36m[K^~~~~~~~[m[K
[7.321s] [01m[K/usr/include/c++/11/bits/shared_ptr_base.h:1516:5:[m[K [01;36m[Knote: [m[K  template argument deduction/substitution failed:
[7.321s] [01m[K/home/ubuntu/bump-and-go-with-behavior-trees-cristinaStratan1/src/bt_bumpgo/Turn.cpp:60:57:[m[K [01;36m[Knote: [m[K  mismatched types ‘[01m[Kconst std::__shared_ptr<_Tp1, _Lp>[m[K’ and ‘[01m[Kdouble[m[K’
[7.322s]    60 |   if (node_->now().seconds() - start_time_.seconds() >= [01;36m[K3s[m[K){
[7.322s]       |                                                         [01;36m[K^~[m[K
[7.322s] In file included from [01m[K/usr/include/c++/11/bits/shared_ptr.h:53[m[K,
[7.322s]                  from [01m[K/usr/include/c++/11/condition_variable:43[m[K,
[7.322s]                  from [01m[K/opt/ros/humble/include/behaviortree_cpp_v3/tree_node.h:16[m[K,
[7.322s]                  from [01m[K/opt/ros/humble/include/behaviortree_cpp_v3/control_node.h:17[m[K,
[7.322s]                  from [01m[K/opt/ros/humble/include/behaviortree_cpp_v3/controls/parallel_node.h:17[m[K,
[7.322s]                  from [01m[K/opt/ros/humble/include/behaviortree_cpp_v3/behavior_tree.h:17[m[K,
[7.322s]                  from [01m[K/home/ubuntu/bump-and-go-with-behavior-trees-cristinaStratan1/include/bt_bumpgo/Turn.hpp:20[m[K,
[7.322s]                  from [01m[K/home/ubuntu/bump-and-go-with-behavior-trees-cristinaStratan1/src/bt_bumpgo/Turn.cpp:18[m[K:
[7.322s] [01m[K/usr/include/c++/11/bits/shared_ptr_base.h:1522:5:[m[K [01;36m[Knote: [m[Kcandidate: ‘[01m[Ktemplate<class _Tp, __gnu_cxx::_Lock_policy _Lp> bool std::operator>=(const std::__shared_ptr<_Tp, _Lp>&, std::nullptr_t)[m[K’
[7.322s]  1522 |     [01;36m[Koperator[m[K>=(const __shared_ptr<_Tp, _Lp>& __a, nullptr_t) noexcept
[7.322s]       |     [01;36m[K^~~~~~~~[m[K
[7.323s] [01m[K/usr/include/c++/11/bits/shared_ptr_base.h:1522:5:[m[K [01;36m[Knote: [m[K  template argument deduction/substitution failed:
[7.323s] [01m[K/home/ubuntu/bump-and-go-with-behavior-trees-cristinaStratan1/src/bt_bumpgo/Turn.cpp:60:57:[m[K [01;36m[Knote: [m[K  mismatched types ‘[01m[Kconst std::__shared_ptr<_Tp, _Lp>[m[K’ and ‘[01m[Kdouble[m[K’
[7.323s]    60 |   if (node_->now().seconds() - start_time_.seconds() >= [01;36m[K3s[m[K){
[7.323s]       |                                                         [01;36m[K^~[m[K
[7.323s] In file included from [01m[K/usr/include/c++/11/bits/shared_ptr.h:53[m[K,
[7.323s]                  from [01m[K/usr/include/c++/11/condition_variable:43[m[K,
[7.323s]                  from [01m[K/opt/ros/humble/include/behaviortree_cpp_v3/tree_node.h:16[m[K,
[7.324s]                  from [01m[K/opt/ros/humble/include/behaviortree_cpp_v3/control_node.h:17[m[K,
[7.324s]                  from [01m[K/opt/ros/humble/include/behaviortree_cpp_v3/controls/parallel_node.h:17[m[K,
[7.324s]                  from [01m[K/opt/ros/humble/include/behaviortree_cpp_v3/behavior_tree.h:17[m[K,
[7.324s]                  from [01m[K/home/ubuntu/bump-and-go-with-behavior-trees-cristinaStratan1/include/bt_bumpgo/Turn.hpp:20[m[K,
[7.324s]                  from [01m[K/home/ubuntu/bump-and-go-with-behavior-trees-cristinaStratan1/src/bt_bumpgo/Turn.cpp:18[m[K:
[7.324s] [01m[K/usr/include/c++/11/bits/shared_ptr_base.h:1527:5:[m[K [01;36m[Knote: [m[Kcandidate: ‘[01m[Ktemplate<class _Tp, __gnu_cxx::_Lock_policy _Lp> bool std::operator>=(std::nullptr_t, const std::__shared_ptr<_Tp, _Lp>&)[m[K’
[7.324s]  1527 |     [01;36m[Koperator[m[K>=(nullptr_t, const __shared_ptr<_Tp, _Lp>& __a) noexcept
[7.324s]       |     [01;36m[K^~~~~~~~[m[K
[7.324s] [01m[K/usr/include/c++/11/bits/shared_ptr_base.h:1527:5:[m[K [01;36m[Knote: [m[K  template argument deduction/substitution failed:
[7.324s] [01m[K/home/ubuntu/bump-and-go-with-behavior-trees-cristinaStratan1/src/bt_bumpgo/Turn.cpp:60:57:[m[K [01;36m[Knote: [m[K  ‘[01m[Kstd::chrono::seconds[m[K’ {aka ‘[01m[Kstd::chrono::duration<long int>[m[K’} is not derived from ‘[01m[Kconst std::__shared_ptr<_Tp, _Lp>[m[K’
[7.324s]    60 |   if (node_->now().seconds() - start_time_.seconds() >= [01;36m[K3s[m[K){
[7.324s]       |                                                         [01;36m[K^~[m[K
[7.324s] In file included from [01m[K/usr/include/c++/11/condition_variable:43[m[K,
[7.325s]                  from [01m[K/opt/ros/humble/include/behaviortree_cpp_v3/tree_node.h:16[m[K,
[7.325s]                  from [01m[K/opt/ros/humble/include/behaviortree_cpp_v3/control_node.h:17[m[K,
[7.325s]                  from [01m[K/opt/ros/humble/include/behaviortree_cpp_v3/controls/parallel_node.h:17[m[K,
[7.325s]                  from [01m[K/opt/ros/humble/include/behaviortree_cpp_v3/behavior_tree.h:17[m[K,
[7.325s]                  from [01m[K/home/ubuntu/bump-and-go-with-behavior-trees-cristinaStratan1/include/bt_bumpgo/Turn.hpp:20[m[K,
[7.325s]                  from [01m[K/home/ubuntu/bump-and-go-with-behavior-trees-cristinaStratan1/src/bt_bumpgo/Turn.cpp:18[m[K:
[7.325s] [01m[K/usr/include/c++/11/bits/shared_ptr.h:553:5:[m[K [01;36m[Knote: [m[Kcandidate: ‘[01m[Ktemplate<class _Tp, class _Up> bool std::operator>=(const std::shared_ptr<_Tp>&, const std::shared_ptr<_Tp>&)[m[K’
[7.325s]   553 |     [01;36m[Koperator[m[K>=(const shared_ptr<_Tp>& __a, const shared_ptr<_Up>& __b) noexcept
[7.325s]       |     [01;36m[K^~~~~~~~[m[K
[7.325s] [01m[K/usr/include/c++/11/bits/shared_ptr.h:553:5:[m[K [01;36m[Knote: [m[K  template argument deduction/substitution failed:
[7.325s] [01m[K/home/ubuntu/bump-and-go-with-behavior-trees-cristinaStratan1/src/bt_bumpgo/Turn.cpp:60:57:[m[K [01;36m[Knote: [m[K  mismatched types ‘[01m[Kconst std::shared_ptr<_Tp>[m[K’ and ‘[01m[Kdouble[m[K’
[7.325s]    60 |   if (node_->now().seconds() - start_time_.seconds() >= [01;36m[K3s[m[K){
[7.325s]       |                                                         [01;36m[K^~[m[K
[7.326s] In file included from [01m[K/usr/include/c++/11/condition_variable:43[m[K,
[7.326s]                  from [01m[K/opt/ros/humble/include/behaviortree_cpp_v3/tree_node.h:16[m[K,
[7.326s]                  from [01m[K/opt/ros/humble/include/behaviortree_cpp_v3/control_node.h:17[m[K,
[7.326s]                  from [01m[K/opt/ros/humble/include/behaviortree_cpp_v3/controls/parallel_node.h:17[m[K,
[7.326s]                  from [01m[K/opt/ros/humble/include/behaviortree_cpp_v3/behavior_tree.h:17[m[K,
[7.326s]                  from [01m[K/home/ubuntu/bump-and-go-with-behavior-trees-cristinaStratan1/include/bt_bumpgo/Turn.hpp:20[m[K,
[7.326s]                  from [01m[K/home/ubuntu/bump-and-go-with-behavior-trees-cristinaStratan1/src/bt_bumpgo/Turn.cpp:18[m[K:
[7.326s] [01m[K/usr/include/c++/11/bits/shared_ptr.h:559:5:[m[K [01;36m[Knote: [m[Kcandidate: ‘[01m[Ktemplate<class _Tp> bool std::operator>=(const std::shared_ptr<_Tp>&, std::nullptr_t)[m[K’
[7.326s]   559 |     [01;36m[Koperator[m[K>=(const shared_ptr<_Tp>& __a, nullptr_t) noexcept
[7.326s]       |     [01;36m[K^~~~~~~~[m[K
[7.326s] [01m[K/usr/include/c++/11/bits/shared_ptr.h:559:5:[m[K [01;36m[Knote: [m[K  template argument deduction/substitution failed:
[7.326s] [01m[K/home/ubuntu/bump-and-go-with-behavior-trees-cristinaStratan1/src/bt_bumpgo/Turn.cpp:60:57:[m[K [01;36m[Knote: [m[K  mismatched types ‘[01m[Kconst std::shared_ptr<_Tp>[m[K’ and ‘[01m[Kdouble[m[K’
[7.326s]    60 |   if (node_->now().seconds() - start_time_.seconds() >= [01;36m[K3s[m[K){
[7.327s]       |                                                         [01;36m[K^~[m[K
[7.327s] In file included from [01m[K/usr/include/c++/11/condition_variable:43[m[K,
[7.327s]                  from [01m[K/opt/ros/humble/include/behaviortree_cpp_v3/tree_node.h:16[m[K,
[7.327s]                  from [01m[K/opt/ros/humble/include/behaviortree_cpp_v3/control_node.h:17[m[K,
[7.327s]                  from [01m[K/opt/ros/humble/include/behaviortree_cpp_v3/controls/parallel_node.h:17[m[K,
[7.327s]                  from [01m[K/opt/ros/humble/include/behaviortree_cpp_v3/behavior_tree.h:17[m[K,
[7.327s]                  from [01m[K/home/ubuntu/bump-and-go-with-behavior-trees-cristinaStratan1/include/bt_bumpgo/Turn.hpp:20[m[K,
[7.327s]                  from [01m[K/home/ubuntu/bump-and-go-with-behavior-trees-cristinaStratan1/src/bt_bumpgo/Turn.cpp:18[m[K:
[7.328s] [01m[K/usr/include/c++/11/bits/shared_ptr.h:565:5:[m[K [01;36m[Knote: [m[Kcandidate: ‘[01m[Ktemplate<class _Tp> bool std::operator>=(std::nullptr_t, const std::shared_ptr<_Tp>&)[m[K’
[7.328s]   565 |     [01;36m[Koperator[m[K>=(nullptr_t, const shared_ptr<_Tp>& __a) noexcept
[7.328s]       |     [01;36m[K^~~~~~~~[m[K
[7.328s] [01m[K/usr/include/c++/11/bits/shared_ptr.h:565:5:[m[K [01;36m[Knote: [m[K  template argument deduction/substitution failed:
[7.328s] [01m[K/home/ubuntu/bump-and-go-with-behavior-trees-cristinaStratan1/src/bt_bumpgo/Turn.cpp:60:57:[m[K [01;36m[Knote: [m[K  ‘[01m[Kstd::chrono::seconds[m[K’ {aka ‘[01m[Kstd::chrono::duration<long int>[m[K’} is not derived from ‘[01m[Kconst std::shared_ptr<_Tp>[m[K’
[7.328s]    60 |   if (node_->now().seconds() - start_time_.seconds() >= [01;36m[K3s[m[K){
[7.328s]       |                                                         [01;36m[K^~[m[K
[7.328s] In file included from [01m[K/usr/include/c++/11/map:61[m[K,
[7.328s]                  from [01m[K/opt/ros/humble/include/behaviortree_cpp_v3/tree_node.h:18[m[K,
[7.328s]                  from [01m[K/opt/ros/humble/include/behaviortree_cpp_v3/control_node.h:17[m[K,
[7.328s]                  from [01m[K/opt/ros/humble/include/behaviortree_cpp_v3/controls/parallel_node.h:17[m[K,
[7.328s]                  from [01m[K/opt/ros/humble/include/behaviortree_cpp_v3/behavior_tree.h:17[m[K,
[7.329s]                  from [01m[K/home/ubuntu/bump-and-go-with-behavior-trees-cristinaStratan1/include/bt_bumpgo/Turn.hpp:20[m[K,
[7.329s]                  from [01m[K/home/ubuntu/bump-and-go-with-behavior-trees-cristinaStratan1/src/bt_bumpgo/Turn.cpp:18[m[K:
[7.329s] [01m[K/usr/include/c++/11/bits/stl_map.h:1529:5:[m[K [01;36m[Knote: [m[Kcandidate: ‘[01m[Ktemplate<class _Key, class _Tp, class _Compare, class _Alloc> bool std::operator>=(const std::map<_Key, _Tp, _Compare, _Allocator>&, const std::map<_Key, _Tp, _Compare, _Allocator>&)[m[K’
[7.329s]  1529 |     [01;36m[Koperator[m[K>=(const map<_Key, _Tp, _Compare, _Alloc>& __x,
[7.329s]       |     [01;36m[K^~~~~~~~[m[K
[7.329s] [01m[K/usr/include/c++/11/bits/stl_map.h:1529:5:[m[K [01;36m[Knote: [m[K  template argument deduction/substitution failed:
[7.329s] [01m[K/home/ubuntu/bump-and-go-with-behavior-trees-cristinaStratan1/src/bt_bumpgo/Turn.cpp:60:57:[m[K [01;36m[Knote: [m[K  mismatched types ‘[01m[Kconst std::map<_Key, _Tp, _Compare, _Allocator>[m[K’ and ‘[01m[Kdouble[m[K’
[7.329s]    60 |   if (node_->now().seconds() - start_time_.seconds() >= [01;36m[K3s[m[K){
[7.329s]       |                                                         [01;36m[K^~[m[K
[7.329s] In file included from [01m[K/usr/include/c++/11/map:62[m[K,
[7.329s]                  from [01m[K/opt/ros/humble/include/behaviortree_cpp_v3/tree_node.h:18[m[K,
[7.329s]                  from [01m[K/opt/ros/humble/include/behaviortree_cpp_v3/control_node.h:17[m[K,
[7.329s]                  from [01m[K/opt/ros/humble/include/behaviortree_cpp_v3/controls/parallel_node.h:17[m[K,
[7.329s]                  from [01m[K/opt/ros/humble/include/behaviortree_cpp_v3/behavior_tree.h:17[m[K,
[7.329s]                  from [01m[K/home/ubuntu/bump-and-go-with-behavior-trees-cristinaStratan1/include/bt_bumpgo/Turn.hpp:20[m[K,
[7.329s]                  from [01m[K/home/ubuntu/bump-and-go-with-behavior-trees-cristinaStratan1/src/bt_bumpgo/Turn.cpp:18[m[K:
[7.330s] [01m[K/usr/include/c++/11/bits/stl_multimap.h:1194:5:[m[K [01;36m[Knote: [m[Kcandidate: ‘[01m[Ktemplate<class _Key, class _Tp, class _Compare, class _Alloc> bool std::operator>=(const std::multimap<_Key, _Tp, _Compare, _Allocator>&, const std::multimap<_Key, _Tp, _Compare, _Allocator>&)[m[K’
[7.330s]  1194 |     [01;36m[Koperator[m[K>=(const multimap<_Key, _Tp, _Compare, _Alloc>& __x,
[7.330s]       |     [01;36m[K^~~~~~~~[m[K
[7.330s] [01m[K/usr/include/c++/11/bits/stl_multimap.h:1194:5:[m[K [01;36m[Knote: [m[K  template argument deduction/substitution failed:
[7.330s] [01m[K/home/ubuntu/bump-and-go-with-behavior-trees-cristinaStratan1/src/bt_bumpgo/Turn.cpp:60:57:[m[K [01;36m[Knote: [m[K  mismatched types ‘[01m[Kconst std::multimap<_Key, _Tp, _Compare, _Allocator>[m[K’ and ‘[01m[Kdouble[m[K’
[7.330s]    60 |   if (node_->now().seconds() - start_time_.seconds() >= [01;36m[K3s[m[K){
[7.331s]       |                                                         [01;36m[K^~[m[K
[7.331s] In file included from [01m[K/usr/include/c++/11/deque:67[m[K,
[7.331s]                  from [01m[K/usr/include/c++/11/queue:60[m[K,
[7.331s]                  from [01m[K/opt/ros/humble/include/behaviortree_cpp_v3/decorators/timer_queue.h:6[m[K,
[7.331s]                  from [01m[K/opt/ros/humble/include/behaviortree_cpp_v3/decorators/timeout_node.h:5[m[K,
[7.331s]                  from [01m[K/opt/ros/humble/include/behaviortree_cpp_v3/behavior_tree.h:44[m[K,
[7.331s]                  from [01m[K/home/ubuntu/bump-and-go-with-behavior-trees-cristinaStratan1/include/bt_bumpgo/Turn.hpp:20[m[K,
[7.332s]                  from [01m[K/home/ubuntu/bump-and-go-with-behavior-trees-cristinaStratan1/src/bt_bumpgo/Turn.cpp:18[m[K:
[7.332s] [01m[K/usr/include/c++/11/bits/stl_deque.h:2310:5:[m[K [01;36m[Knote: [m[Kcandidate: ‘[01m[Ktemplate<class _Tp, class _Alloc> bool std::operator>=(const std::deque<_Tp, _Alloc>&, const std::deque<_Tp, _Alloc>&)[m[K’
[7.332s]  2310 |     [01;36m[Koperator[m[K>=(const deque<_Tp, _Alloc>& __x, const deque<_Tp, _Alloc>& __y)
[7.332s]       |     [01;36m[K^~~~~~~~[m[K
[7.332s] [01m[K/usr/include/c++/11/bits/stl_deque.h:2310:5:[m[K [01;36m[Knote: [m[K  template argument deduction/substitution failed:
[7.332s] [01m[K/home/ubuntu/bump-and-go-with-behavior-trees-cristinaStratan1/src/bt_bumpgo/Turn.cpp:60:57:[m[K [01;36m[Knote: [m[K  mismatched types ‘[01m[Kconst std::deque<_Tp, _Alloc>[m[K’ and ‘[01m[Kdouble[m[K’
[7.332s]    60 |   if (node_->now().seconds() - start_time_.seconds() >= [01;36m[K3s[m[K){
[7.333s]       |                                                         [01;36m[K^~[m[K
[7.333s] In file included from [01m[K/usr/include/c++/11/queue:64[m[K,
[7.333s]                  from [01m[K/opt/ros/humble/include/behaviortree_cpp_v3/decorators/timer_queue.h:6[m[K,
[7.333s]                  from [01m[K/opt/ros/humble/include/behaviortree_cpp_v3/decorators/timeout_node.h:5[m[K,
[7.333s]                  from [01m[K/opt/ros/humble/include/behaviortree_cpp_v3/behavior_tree.h:44[m[K,
[7.333s]                  from [01m[K/home/ubuntu/bump-and-go-with-behavior-trees-cristinaStratan1/include/bt_bumpgo/Turn.hpp:20[m[K,
[7.333s]                  from [01m[K/home/ubuntu/bump-and-go-with-behavior-trees-cristinaStratan1/src/bt_bumpgo/Turn.cpp:18[m[K:
[7.333s] [01m[K/usr/include/c++/11/bits/stl_queue.h:386:5:[m[K [01;36m[Knote: [m[Kcandidate: ‘[01m[Ktemplate<class _Tp, class _Seq> bool std::operator>=(const std::queue<_Tp, _Seq>&, const std::queue<_Tp, _Seq>&)[m[K’
[7.333s]   386 |     [01;36m[Koperator[m[K>=(const queue<_Tp, _Seq>& __x, const queue<_Tp, _Seq>& __y)
[7.333s]       |     [01;36m[K^~~~~~~~[m[K
[7.333s] [01m[K/usr/include/c++/11/bits/stl_queue.h:386:5:[m[K [01;36m[Knote: [m[K  template argument deduction/substitution failed:
[7.333s] [01m[K/home/ubuntu/bump-and-go-with-behavior-trees-cristinaStratan1/src/bt_bumpgo/Turn.cpp:60:57:[m[K [01;36m[Knote: [m[K  mismatched types ‘[01m[Kconst std::queue<_Tp, _Seq>[m[K’ and ‘[01m[Kdouble[m[K’
[7.333s]    60 |   if (node_->now().seconds() - start_time_.seconds() >= [01;36m[K3s[m[K){
[7.333s]       |                                                         [01;36m[K^~[m[K
[7.333s] In file included from [01m[K/usr/include/c++/11/list:63[m[K,
[7.333s]                  from [01m[K/opt/ros/humble/include/rclcpp/rclcpp/executor.hpp:23[m[K,
[7.334s]                  from [01m[K/opt/ros/humble/include/rclcpp/rclcpp/executors/multi_threaded_executor.hpp:25[m[K,
[7.334s]                  from [01m[K/opt/ros/humble/include/rclcpp/rclcpp/executors.hpp:21[m[K,
[7.334s]                  from [01m[K/opt/ros/humble/include/rclcpp/rclcpp/rclcpp.hpp:155[m[K,
[7.334s]                  from [01m[K/home/ubuntu/bump-and-go-with-behavior-trees-cristinaStratan1/include/bt_bumpgo/Turn.hpp:24[m[K,
[7.334s]                  from [01m[K/home/ubuntu/bump-and-go-with-behavior-trees-cristinaStratan1/src/bt_bumpgo/Turn.cpp:18[m[K:
[7.334s] [01m[K/usr/include/c++/11/bits/stl_list.h:2110:5:[m[K [01;36m[Knote: [m[Kcandidate: ‘[01m[Ktemplate<class _Tp, class _Alloc> bool std::operator>=(const std::__cxx11::list<_Tp, _Alloc>&, const std::__cxx11::list<_Tp, _Alloc>&)[m[K’
[7.334s]  2110 |     [01;36m[Koperator[m[K>=(const list<_Tp, _Alloc>& __x, const list<_Tp, _Alloc>& __y)
[7.334s]       |     [01;36m[K^~~~~~~~[m[K
[7.335s] [01m[K/usr/include/c++/11/bits/stl_list.h:2110:5:[m[K [01;36m[Knote: [m[K  template argument deduction/substitution failed:
[7.335s] [01m[K/home/ubuntu/bump-and-go-with-behavior-trees-cristinaStratan1/src/bt_bumpgo/Turn.cpp:60:57:[m[K [01;36m[Knote: [m[K  mismatched types ‘[01m[Kconst std::__cxx11::list<_Tp, _Alloc>[m[K’ and ‘[01m[Kdouble[m[K’
[7.335s]    60 |   if (node_->now().seconds() - start_time_.seconds() >= [01;36m[K3s[m[K){
[7.335s]       |                                                         [01;36m[K^~[m[K
[7.335s] In file included from [01m[K/opt/ros/humble/include/rclcpp/rclcpp/client.hpp:23[m[K,
[7.336s]                  from [01m[K/opt/ros/humble/include/rclcpp/rclcpp/callback_group.hpp:24[m[K,
[7.336s]                  from [01m[K/opt/ros/humble/include/rclcpp/rclcpp/any_executable.hpp:20[m[K,
[7.336s]                  from [01m[K/opt/ros/humble/include/rclcpp/rclcpp/memory_strategy.hpp:25[m[K,
[7.336s]                  from [01m[K/opt/ros/humble/include/rclcpp/rclcpp/memory_strategies.hpp:18[m[K,
[7.336s]                  from [01m[K/opt/ros/humble/include/rclcpp/rclcpp/executor_options.hpp:20[m[K,
[7.337s]                  from [01m[K/opt/ros/humble/include/rclcpp/rclcpp/executor.hpp:37[m[K,
[7.337s]                  from [01m[K/opt/ros/humble/include/rclcpp/rclcpp/executors/multi_threaded_executor.hpp:25[m[K,
[7.337s]                  from [01m[K/opt/ros/humble/include/rclcpp/rclcpp/executors.hpp:21[m[K,
[7.337s]                  from [01m[K/opt/ros/humble/include/rclcpp/rclcpp/rclcpp.hpp:155[m[K,
[7.337s]                  from [01m[K/home/ubuntu/bump-and-go-with-behavior-trees-cristinaStratan1/include/bt_bumpgo/Turn.hpp:24[m[K,
[7.337s]                  from [01m[K/home/ubuntu/bump-and-go-with-behavior-trees-cristinaStratan1/src/bt_bumpgo/Turn.cpp:18[m[K:
[7.337s] [01m[K/usr/include/c++/11/optional:1087:5:[m[K [01;36m[Knote: [m[Kcandidate: ‘[01m[Ktemplate<class _Tp, class _Up> constexpr std::__optional_ge_t<_Tp, _Up> std::operator>=(const std::optional<_Tp>&, const std::optional<_Up>&)[m[K’
[7.337s]  1087 |     [01;36m[Koperator[m[K>=(const optional<_Tp>& __lhs, const optional<_Up>& __rhs)
[7.338s]       |     [01;36m[K^~~~~~~~[m[K
[7.338s] [01m[K/usr/include/c++/11/optional:1087:5:[m[K [01;36m[Knote: [m[K  template argument deduction/substitution failed:
[7.338s] [01m[K/home/ubuntu/bump-and-go-with-behavior-trees-cristinaStratan1/src/bt_bumpgo/Turn.cpp:60:57:[m[K [01;36m[Knote: [m[K  mismatched types ‘[01m[Kconst std::optional<_Tp>[m[K’ and ‘[01m[Kdouble[m[K’
[7.338s]    60 |   if (node_->now().seconds() - start_time_.seconds() >= [01;36m[K3s[m[K){
[7.338s]       |                                                         [01;36m[K^~[m[K
[7.338s] In file included from [01m[K/opt/ros/humble/include/rclcpp/rclcpp/client.hpp:23[m[K,
[7.338s]                  from [01m[K/opt/ros/humble/include/rclcpp/rclcpp/callback_group.hpp:24[m[K,
[7.338s]                  from [01m[K/opt/ros/humble/include/rclcpp/rclcpp/any_executable.hpp:20[m[K,
[7.338s]                  from [01m[K/opt/ros/humble/include/rclcpp/rclcpp/memory_strategy.hpp:25[m[K,
[7.338s]                  from [01m[K/opt/ros/humble/include/rclcpp/rclcpp/memory_strategies.hpp:18[m[K,
[7.338s]                  from [01m[K/opt/ros/humble/include/rclcpp/rclcpp/executor_options.hpp:20[m[K,
[7.338s]                  from [01m[K/opt/ros/humble/include/rclcpp/rclcpp/executor.hpp:37[m[K,
[7.338s]                  from [01m[K/opt/ros/humble/include/rclcpp/rclcpp/executors/multi_threaded_executor.hpp:25[m[K,
[7.338s]                  from [01m[K/opt/ros/humble/include/rclcpp/rclcpp/executors.hpp:21[m[K,
[7.338s]                  from [01m[K/opt/ros/humble/include/rclcpp/rclcpp/rclcpp.hpp:155[m[K,
[7.339s]                  from [01m[K/home/ubuntu/bump-and-go-with-behavior-trees-cristinaStratan1/include/bt_bumpgo/Turn.hpp:24[m[K,
[7.339s]                  from [01m[K/home/ubuntu/bump-and-go-with-behavior-trees-cristinaStratan1/src/bt_bumpgo/Turn.cpp:18[m[K:
[7.339s] [01m[K/usr/include/c++/11/optional:1161:5:[m[K [01;36m[Knote: [m[Kcandidate: ‘[01m[Ktemplate<class _Tp> constexpr bool std::operator>=(const std::optional<_Tp>&, std::nullopt_t)[m[K’
[7.339s]  1161 |     [01;36m[Koperator[m[K>=(const optional<_Tp>& /* __lhs */, nullopt_t) noexcept
[7.339s]       |     [01;36m[K^~~~~~~~[m[K
[7.339s] [01m[K/usr/include/c++/11/optional:1161:5:[m[K [01;36m[Knote: [m[K  template argument deduction/substitution failed:
[7.339s] [01m[K/home/ubuntu/bump-and-go-with-behavior-trees-cristinaStratan1/src/bt_bumpgo/Turn.cpp:60:57:[m[K [01;36m[Knote: [m[K  mismatched types ‘[01m[Kconst std::optional<_Tp>[m[K’ and ‘[01m[Kdouble[m[K’
[7.339s]    60 |   if (node_->now().seconds() - start_time_.seconds() >= [01;36m[K3s[m[K){
[7.339s]       |                                                         [01;36m[K^~[m[K
[7.339s] In file included from [01m[K/opt/ros/humble/include/rclcpp/rclcpp/client.hpp:23[m[K,
[7.339s]                  from [01m[K/opt/ros/humble/include/rclcpp/rclcpp/callback_group.hpp:24[m[K,
[7.339s]                  from [01m[K/opt/ros/humble/include/rclcpp/rclcpp/any_executable.hpp:20[m[K,
[7.339s]                  from [01m[K/opt/ros/humble/include/rclcpp/rclcpp/memory_strategy.hpp:25[m[K,
[7.339s]                  from [01m[K/opt/ros/humble/include/rclcpp/rclcpp/memory_strategies.hpp:18[m[K,
[7.339s]                  from [01m[K/opt/ros/humble/include/rclcpp/rclcpp/executor_options.hpp:20[m[K,
[7.339s]                  from [01m[K/opt/ros/humble/include/rclcpp/rclcpp/executor.hpp:37[m[K,
[7.340s]                  from [01m[K/opt/ros/humble/include/rclcpp/rclcpp/executors/multi_threaded_executor.hpp:25[m[K,
[7.340s]                  from [01m[K/opt/ros/humble/include/rclcpp/rclcpp/executors.hpp:21[m[K,
[7.340s]                  from [01m[K/opt/ros/humble/include/rclcpp/rclcpp/rclcpp.hpp:155[m[K,
[7.340s]                  from [01m[K/home/ubuntu/bump-and-go-with-behavior-trees-cristinaStratan1/include/bt_bumpgo/Turn.hpp:24[m[K,
[7.340s]                  from [01m[K/home/ubuntu/bump-and-go-with-behavior-trees-cristinaStratan1/src/bt_bumpgo/Turn.cpp:18[m[K:
[7.340s] [01m[K/usr/include/c++/11/optional:1166:5:[m[K [01;36m[Knote: [m[Kcandidate: ‘[01m[Ktemplate<class _Tp> constexpr bool std::operator>=(std::nullopt_t, const std::optional<_Tp>&)[m[K’
[7.340s]  1166 |     [01;36m[Koperator[m[K>=(nullopt_t, const optional<_Tp>& __rhs) noexcept
[7.340s]       |     [01;36m[K^~~~~~~~[m[K
[7.340s] [01m[K/usr/include/c++/11/optional:1166:5:[m[K [01;36m[Knote: [m[K  template argument deduction/substitution failed:
[7.340s] [01m[K/home/ubuntu/bump-and-go-with-behavior-trees-cristinaStratan1/src/bt_bumpgo/Turn.cpp:60:57:[m[K [01;36m[Knote: [m[K  ‘[01m[Kstd::chrono::seconds[m[K’ {aka ‘[01m[Kstd::chrono::duration<long int>[m[K’} is not derived from ‘[01m[Kconst std::optional<_Tp>[m[K’
[7.340s]    60 |   if (node_->now().seconds() - start_time_.seconds() >= [01;36m[K3s[m[K){
[7.340s]       |                                                         [01;36m[K^~[m[K
[7.340s] In file included from [01m[K/opt/ros/humble/include/rclcpp/rclcpp/client.hpp:23[m[K,
[7.340s]                  from [01m[K/opt/ros/humble/include/rclcpp/rclcpp/callback_group.hpp:24[m[K,
[7.340s]                  from [01m[K/opt/ros/humble/include/rclcpp/rclcpp/any_executable.hpp:20[m[K,
[7.341s]                  from [01m[K/opt/ros/humble/include/rclcpp/rclcpp/memory_strategy.hpp:25[m[K,
[7.341s]                  from [01m[K/opt/ros/humble/include/rclcpp/rclcpp/memory_strategies.hpp:18[m[K,
[7.341s]                  from [01m[K/opt/ros/humble/include/rclcpp/rclcpp/executor_options.hpp:20[m[K,
[7.341s]                  from [01m[K/opt/ros/humble/include/rclcpp/rclcpp/executor.hpp:37[m[K,
[7.341s]                  from [01m[K/opt/ros/humble/include/rclcpp/rclcpp/executors/multi_threaded_executor.hpp:25[m[K,
[7.341s]                  from [01m[K/opt/ros/humble/include/rclcpp/rclcpp/executors.hpp:21[m[K,
[7.341s]                  from [01m[K/opt/ros/humble/include/rclcpp/rclcpp/rclcpp.hpp:155[m[K,
[7.341s]                  from [01m[K/home/ubuntu/bump-and-go-with-behavior-trees-cristinaStratan1/include/bt_bumpgo/Turn.hpp:24[m[K,
[7.341s]                  from [01m[K/home/ubuntu/bump-and-go-with-behavior-trees-cristinaStratan1/src/bt_bumpgo/Turn.cpp:18[m[K:
[7.341s] [01m[K/usr/include/c++/11/optional:1233:5:[m[K [01;36m[Knote: [m[Kcandidate: ‘[01m[Ktemplate<class _Tp, class _Up> constexpr std::__optional_ge_t<_Tp, _Up> std::operator>=(const std::optional<_Tp>&, const _Up&)[m[K’
[7.341s]  1233 |     [01;36m[Koperator[m[K>=(const optional<_Tp>& __lhs, const _Up& __rhs)
[7.341s]       |     [01;36m[K^~~~~~~~[m[K
[7.341s] [01m[K/usr/include/c++/11/optional:1233:5:[m[K [01;36m[Knote: [m[K  template argument deduction/substitution failed:
[7.341s] [01m[K/home/ubuntu/bump-and-go-with-behavior-trees-cristinaStratan1/src/bt_bumpgo/Turn.cpp:60:57:[m[K [01;36m[Knote: [m[K  mismatched types ‘[01m[Kconst std::optional<_Tp>[m[K’ and ‘[01m[Kdouble[m[K’
[7.342s]    60 |   if (node_->now().seconds() - start_time_.seconds() >= [01;36m[K3s[m[K){
[7.342s]       |                                                         [01;36m[K^~[m[K
[7.342s] In file included from [01m[K/opt/ros/humble/include/rclcpp/rclcpp/client.hpp:23[m[K,
[7.342s]                  from [01m[K/opt/ros/humble/include/rclcpp/rclcpp/callback_group.hpp:24[m[K,
[7.342s]                  from [01m[K/opt/ros/humble/include/rclcpp/rclcpp/any_executable.hpp:20[m[K,
[7.342s]                  from [01m[K/opt/ros/humble/include/rclcpp/rclcpp/memory_strategy.hpp:25[m[K,
[7.342s]                  from [01m[K/opt/ros/humble/include/rclcpp/rclcpp/memory_strategies.hpp:18[m[K,
[7.342s]                  from [01m[K/opt/ros/humble/include/rclcpp/rclcpp/executor_options.hpp:20[m[K,
[7.342s]                  from [01m[K/opt/ros/humble/include/rclcpp/rclcpp/executor.hpp:37[m[K,
[7.342s]                  from [01m[K/opt/ros/humble/include/rclcpp/rclcpp/executors/multi_threaded_executor.hpp:25[m[K,
[7.342s]                  from [01m[K/opt/ros/humble/include/rclcpp/rclcpp/executors.hpp:21[m[K,
[7.342s]                  from [01m[K/opt/ros/humble/include/rclcpp/rclcpp/rclcpp.hpp:155[m[K,
[7.342s]                  from [01m[K/home/ubuntu/bump-and-go-with-behavior-trees-cristinaStratan1/include/bt_bumpgo/Turn.hpp:24[m[K,
[7.342s]                  from [01m[K/home/ubuntu/bump-and-go-with-behavior-trees-cristinaStratan1/src/bt_bumpgo/Turn.cpp:18[m[K:
[7.343s] [01m[K/usr/include/c++/11/optional:1239:5:[m[K [01;36m[Knote: [m[Kcandidate: ‘[01m[Ktemplate<class _Tp, class _Up> constexpr std::__optional_ge_t<_Up, _Tp> std::operator>=(const _Up&, const std::optional<_Tp>&)[m[K’
[7.343s]  1239 |     [01;36m[Koperator[m[K>=(const _Up& __lhs, const optional<_Tp>& __rhs)
[7.343s]       |     [01;36m[K^~~~~~~~[m[K
[7.343s] [01m[K/usr/include/c++/11/optional:1239:5:[m[K [01;36m[Knote: [m[K  template argument deduction/substitution failed:
[7.343s] [01m[K/home/ubuntu/bump-and-go-with-behavior-trees-cristinaStratan1/src/bt_bumpgo/Turn.cpp:60:57:[m[K [01;36m[Knote: [m[K  ‘[01m[Kstd::chrono::seconds[m[K’ {aka ‘[01m[Kstd::chrono::duration<long int>[m[K’} is not derived from ‘[01m[Kconst std::optional<_Tp>[m[K’
[7.343s]    60 |   if (node_->now().seconds() - start_time_.seconds() >= [01;36m[K3s[m[K){
[7.344s]       |                                                         [01;36m[K^~[m[K
[7.344s] In file included from [01m[K/opt/ros/humble/include/rclcpp/rclcpp/client.hpp:28[m[K,
[7.344s]                  from [01m[K/opt/ros/humble/include/rclcpp/rclcpp/callback_group.hpp:24[m[K,
[7.344s]                  from [01m[K/opt/ros/humble/include/rclcpp/rclcpp/any_executable.hpp:20[m[K,
[7.344s]                  from [01m[K/opt/ros/humble/include/rclcpp/rclcpp/memory_strategy.hpp:25[m[K,
[7.344s]                  from [01m[K/opt/ros/humble/include/rclcpp/rclcpp/memory_strategies.hpp:18[m[K,
[7.344s]                  from [01m[K/opt/ros/humble/include/rclcpp/rclcpp/executor_options.hpp:20[m[K,
[7.344s]                  from [01m[K/opt/ros/humble/include/rclcpp/rclcpp/executor.hpp:37[m[K,
[7.344s]                  from [01m[K/opt/ros/humble/include/rclcpp/rclcpp/executors/multi_threaded_executor.hpp:25[m[K,
[7.344s]                  from [01m[K/opt/ros/humble/include/rclcpp/rclcpp/executors.hpp:21[m[K,
[7.344s]                  from [01m[K/opt/ros/humble/include/rclcpp/rclcpp/rclcpp.hpp:155[m[K,
[7.344s]                  from [01m[K/home/ubuntu/bump-and-go-with-behavior-trees-cristinaStratan1/include/bt_bumpgo/Turn.hpp:24[m[K,
[7.344s]                  from [01m[K/home/ubuntu/bump-and-go-with-behavior-trees-cristinaStratan1/src/bt_bumpgo/Turn.cpp:18[m[K:
[7.345s] [01m[K/usr/include/c++/11/variant:1234:3:[m[K [01;36m[Knote: [m[Kcandidate: ‘[01m[Ktemplate<class ... _Types> constexpr bool std::operator>=(const std::variant<_Types ...>&, const std::variant<_Types ...>&)[m[K’
[7.345s]  1234 |   [01;36m[K_VARIANT_RELATION_FUNCTION_TEMPLATE[m[K(>=, greater_equal)
[7.345s]       |   [01;36m[K^~~~~~~~~~~~~~~~~~~~~~~~~~~~~~~~~~~[m[K
[7.345s] [01m[K/usr/include/c++/11/variant:1234:3:[m[K [01;36m[Knote: [m[K  template argument deduction/substitution failed:
[7.345s] [01m[K/home/ubuntu/bump-and-go-with-behavior-trees-cristinaStratan1/src/bt_bumpgo/Turn.cpp:60:57:[m[K [01;36m[Knote: [m[K  mismatched types ‘[01m[Kconst std::variant<_Types ...>[m[K’ and ‘[01m[Kdouble[m[K’
[7.345s]    60 |   if (node_->now().seconds() - start_time_.seconds() >= [01;36m[K3s[m[K){
[7.345s]       |                                                         [01;36m[K^~[m[K
[7.345s] In file included from [01m[K/usr/include/c++/11/condition_variable:38[m[K,
[7.345s]                  from [01m[K/opt/ros/humble/include/behaviortree_cpp_v3/tree_node.h:16[m[K,
[7.345s]                  from [01m[K/opt/ros/humble/include/behaviortree_cpp_v3/control_node.h:17[m[K,
[7.345s]                  from [01m[K/opt/ros/humble/include/behaviortree_cpp_v3/controls/parallel_node.h:17[m[K,
[7.345s]                  from [01m[K/opt/ros/humble/include/behaviortree_cpp_v3/behavior_tree.h:17[m[K,
[7.345s]                  from [01m[K/home/ubuntu/bump-and-go-with-behavior-trees-cristinaStratan1/include/bt_bumpgo/Turn.hpp:20[m[K,
[7.345s]                  from [01m[K/home/ubuntu/bump-and-go-with-behavior-trees-cristinaStratan1/src/bt_bumpgo/Turn.cpp:18[m[K:
[7.345s] [01m[K/usr/include/c++/11/chrono:819:7:[m[K [01;36m[Knote: [m[Kcandidate: ‘[01m[Ktemplate<class _Rep1, class _Period1, class _Rep2, class _Period2> constexpr bool std::chrono::operator>=(const std::chrono::duration<_Rep1, _Period1>&, const std::chrono::duration<_Rep2, _Period2>&)[m[K’
[7.345s]   819 |       [01;36m[Koperator[m[K>=(const duration<_Rep1, _Period1>& __lhs,
[7.345s]       |       [01;36m[K^~~~~~~~[m[K
[7.346s] [01m[K/usr/include/c++/11/chrono:819:7:[m[K [01;36m[Knote: [m[K  template argument deduction/substitution failed:
[7.346s] [01m[K/home/ubuntu/bump-and-go-with-behavior-trees-cristinaStratan1/src/bt_bumpgo/Turn.cpp:60:57:[m[K [01;36m[Knote: [m[K  mismatched types ‘[01m[Kconst std::chrono::duration<_Rep1, _Period1>[m[K’ and ‘[01m[Kdouble[m[K’
[7.346s]    60 |   if (node_->now().seconds() - start_time_.seconds() >= [01;36m[K3s[m[K){
[7.346s]       |                                                         [01;36m[K^~[m[K
[7.346s] In file included from [01m[K/usr/include/c++/11/condition_variable:38[m[K,
[7.346s]                  from [01m[K/opt/ros/humble/include/behaviortree_cpp_v3/tree_node.h:16[m[K,
[7.346s]                  from [01m[K/opt/ros/humble/include/behaviortree_cpp_v3/control_node.h:17[m[K,
[7.346s]                  from [01m[K/opt/ros/humble/include/behaviortree_cpp_v3/controls/parallel_node.h:17[m[K,
[7.346s]                  from [01m[K/opt/ros/humble/include/behaviortree_cpp_v3/behavior_tree.h:17[m[K,
[7.346s]                  from [01m[K/home/ubuntu/bump-and-go-with-behavior-trees-cristinaStratan1/include/bt_bumpgo/Turn.hpp:20[m[K,
[7.346s]                  from [01m[K/home/ubuntu/bump-and-go-with-behavior-trees-cristinaStratan1/src/bt_bumpgo/Turn.cpp:18[m[K:
[7.346s] [01m[K/usr/include/c++/11/chrono:1093:7:[m[K [01;36m[Knote: [m[Kcandidate: ‘[01m[Ktemplate<class _Clock, class _Dur1, class _Dur2> constexpr bool std::chrono::operator>=(const std::chrono::time_point<_Clock, _Duration1>&, const std::chrono::time_point<_Clock, _Duration2>&)[m[K’
[7.347s]  1093 |       [01;36m[Koperator[m[K>=(const time_point<_Clock, _Dur1>& __lhs,
[7.347s]       |       [01;36m[K^~~~~~~~[m[K
[7.347s] [01m[K/usr/include/c++/11/chrono:1093:7:[m[K [01;36m[Knote: [m[K  template argument deduction/substitution failed:
[7.347s] [01m[K/home/ubuntu/bump-and-go-with-behavior-trees-cristinaStratan1/src/bt_bumpgo/Turn.cpp:60:57:[m[K [01;36m[Knote: [m[K  mismatched types ‘[01m[Kconst std::chrono::time_point<_Clock, _Duration1>[m[K’ and ‘[01m[Kdouble[m[K’
[7.347s]    60 |   if (node_->now().seconds() - start_time_.seconds() >= [01;36m[K3s[m[K){
[7.347s]       |                                                         [01;36m[K^~[m[K
[7.347s] In file included from [01m[K/opt/ros/humble/include/behaviortree_cpp_v3/action_node.h:18[m[K,
[7.348s]                  from [01m[K/opt/ros/humble/include/behaviortree_cpp_v3/behavior_tree.h:28[m[K,
[7.348s]                  from [01m[K/home/ubuntu/bump-and-go-with-behavior-trees-cristinaStratan1/include/bt_bumpgo/Turn.hpp:20[m[K,
[7.348s]                  from [01m[K/home/ubuntu/bump-and-go-with-behavior-trees-cristinaStratan1/src/bt_bumpgo/Turn.cpp:18[m[K:
[7.348s] [01m[K/usr/include/c++/11/thread:86:3:[m[K [01;36m[Knote: [m[Kcandidate: ‘[01m[Kbool std::operator>=(std::thread::id, std::thread::id)[m[K’
[7.348s]    86 |   [01;36m[Koperator[m[K>=(thread::id __x, thread::id __y) noexcept
[7.348s]       |   [01;36m[K^~~~~~~~[m[K
[7.348s] [01m[K/usr/include/c++/11/thread:86:25:[m[K [01;36m[Knote: [m[K  no known conversion for argument 1 from ‘[01m[Kdouble[m[K’ to ‘[01m[Kstd::thread::id[m[K’
[7.349s]    86 |   operator>=([01;36m[Kthread::id __x[m[K, thread::id __y) noexcept
[7.349s]       |              [01;36m[K~~~~~~~~~~~^~~[m[K
[7.349s] In file included from [01m[K/opt/ros/humble/include/rclcpp/rclcpp/client.hpp:28[m[K,
[7.349s]                  from [01m[K/opt/ros/humble/include/rclcpp/rclcpp/callback_group.hpp:24[m[K,
[7.349s]                  from [01m[K/opt/ros/humble/include/rclcpp/rclcpp/any_executable.hpp:20[m[K,
[7.349s]                  from [01m[K/opt/ros/humble/include/rclcpp/rclcpp/memory_strategy.hpp:25[m[K,
[7.349s]                  from [01m[K/opt/ros/humble/include/rclcpp/rclcpp/memory_strategies.hpp:18[m[K,
[7.349s]                  from [01m[K/opt/ros/humble/include/rclcpp/rclcpp/executor_options.hpp:20[m[K,
[7.349s]                  from [01m[K/opt/ros/humble/include/rclcpp/rclcpp/executor.hpp:37[m[K,
[7.350s]                  from [01m[K/opt/ros/humble/include/rclcpp/rclcpp/executors/multi_threaded_executor.hpp:25[m[K,
[7.350s]                  from [01m[K/opt/ros/humble/include/rclcpp/rclcpp/executors.hpp:21[m[K,
[7.350s]                  from [01m[K/opt/ros/humble/include/rclcpp/rclcpp/rclcpp.hpp:155[m[K,
[7.350s]                  from [01m[K/home/ubuntu/bump-and-go-with-behavior-trees-cristinaStratan1/include/bt_bumpgo/Turn.hpp:24[m[K,
[7.350s]                  from [01m[K/home/ubuntu/bump-and-go-with-behavior-trees-cristinaStratan1/src/bt_bumpgo/Turn.cpp:18[m[K:
[7.350s] [01m[K/usr/include/c++/11/variant:1275:18:[m[K [01;36m[Knote: [m[Kcandidate: ‘[01m[Kconstexpr bool std::operator>=(std::monostate, std::monostate)[m[K’
[7.350s]  1275 |   constexpr bool [01;36m[Koperator[m[K>=(monostate, monostate) noexcept { return true; }
[7.351s]       |                  [01;36m[K^~~~~~~~[m[K
[7.351s] [01m[K/usr/include/c++/11/variant:1275:29:[m[K [01;36m[Knote: [m[K  no known conversion for argument 1 from ‘[01m[Kdouble[m[K’ to ‘[01m[Kstd::monostate[m[K’
[7.351s]  1275 |   constexpr bool operator>=([01;36m[Kmonostate[m[K, monostate) noexcept { return true; }
[7.351s]       |                             [01;36m[K^~~~~~~~~[m[K
[7.576s] [ 55%] [32m[1mLinking CXX static library libgtest.a[0m
[7.656s] [ 55%] Built target gtest
[7.694s] [ 61%] [32mBuilding CXX object tests/CMakeFiles/bt_action_test.dir/bt_action_test.cpp.o[0m
[8.661s] [ 66%] [32m[1mLinking CXX executable bt_forward[0m
[8.897s] gmake[2]: *** [CMakeFiles/br2_turn_bt_node.dir/build.make:76: CMakeFiles/br2_turn_bt_node.dir/src/bt_bumpgo/Turn.cpp.o] Error 1
[8.898s] gmake[1]: *** [CMakeFiles/Makefile2:234: CMakeFiles/br2_turn_bt_node.dir/all] Error 2
[8.898s] gmake[1]: *** Waiting for unfinished jobs....
[9.030s] [ 66%] Built target bt_forward
[9.172s] [ 72%] [32m[1mLinking CXX executable bt_bumpgo_main[0m
[9.346s] [ 72%] Built target bt_bumpgo_main
[10.259s] [ 77%] [32m[1mLinking CXX shared library libbr2_forward_bt_node.so[0m
[10.274s] [ 83%] [32m[1mLinking CXX shared library libbr2_back_bt_node.so[0m
[10.495s] [ 83%] Built target br2_forward_bt_node
[10.504s] [ 83%] Built target br2_back_bt_node
[14.858s] [ 88%] [32m[1mLinking CXX shared library libbr2_is_obstacle_bt_node.so[0m
[15.324s] [ 88%] Built target br2_is_obstacle_bt_node
[18.496s] [ 94%] [32m[1mLinking CXX executable bt_action_test[0m
[18.972s] [ 94%] Built target bt_action_test
[18.973s] gmake: *** [Makefile:146: all] Error 2
[18.976s] Invoked command in '/home/ubuntu/bump-and-go-with-behavior-trees-cristinaStratan1/build/bt_bumpgo' returned '2': CMAKE_PREFIX_PATH=${CMAKE_PREFIX_PATH}:/home/ubuntu/rebet_ws/install/aal:/opt/ros/humble /usr/bin/cmake --build /home/ubuntu/bump-and-go-with-behavior-trees-cristinaStratan1/build/bt_bumpgo -- -j16 -l16
