[0.118s] DEBUG:colcon:Command line arguments: ['/usr/bin/colcon', 'build']
[0.119s] DEBUG:colcon:Parsed command line arguments: Namespace(log_base=None, log_level=None, verb_name='build', build_base='build', install_base='install', merge_install=False, symlink_install=False, test_result_base=None, continue_on_error=False, executor='parallel', parallel_workers=16, event_handlers=None, ignore_user_meta=False, metas=['./colcon.meta'], base_paths=['.'], packages_ignore=None, packages_ignore_regex=None, paths=None, packages_up_to=None, packages_up_to_regex=None, packages_above=None, packages_above_and_dependencies=None, packages_above_depth=None, packages_select_by_dep=None, packages_skip_by_dep=None, packages_skip_up_to=None, packages_select_build_failed=False, packages_skip_build_finished=False, packages_select_test_failures=False, packages_skip_test_passed=False, packages_select=None, packages_skip=None, packages_select_regex=None, packages_skip_regex=None, packages_start=None, packages_end=None, allow_overriding=[], cmake_args=None, cmake_target=None, cmake_target_skip_unavailable=False, cmake_clean_cache=False, cmake_clean_first=False, cmake_force_configure=False, ament_cmake_args=None, catkin_cmake_args=None, catkin_skip_building_tests=False, verb_parser=<colcon_defaults.argument_parser.defaults.DefaultArgumentsDecorator object at 0x7fc78c045b70>, verb_extension=<colcon_core.verb.build.BuildVerb object at 0x7fc78c045630>, main=<bound method BuildVerb.main of <colcon_core.verb.build.BuildVerb object at 0x7fc78c045630>>)
[0.302s] Level 1:colcon.colcon_core.package_discovery:discover_packages(colcon_meta) check parameters
[0.302s] Level 1:colcon.colcon_core.package_discovery:discover_packages(recursive) check parameters
[0.302s] Level 1:colcon.colcon_core.package_discovery:discover_packages(ignore) check parameters
[0.302s] Level 1:colcon.colcon_core.package_discovery:discover_packages(path) check parameters
[0.302s] Level 1:colcon.colcon_core.package_discovery:discover_packages(colcon_meta) discover
[0.302s] Level 1:colcon.colcon_core.package_discovery:discover_packages(recursive) discover
[0.302s] INFO:colcon.colcon_core.package_discovery:Crawling recursively for packages in '/home/ubuntu/bump-and-go-with-behavior-trees-cristinaStratan1'
[0.302s] Level 1:colcon.colcon_core.package_identification:_identify(.) by extensions ['ignore', 'ignore_ament_install']
[0.302s] Level 1:colcon.colcon_core.package_identification:_identify(.) by extension 'ignore'
[0.303s] Level 1:colcon.colcon_core.package_identification:_identify(.) by extension 'ignore_ament_install'
[0.303s] Level 1:colcon.colcon_core.package_identification:_identify(.) by extensions ['colcon_pkg']
[0.303s] Level 1:colcon.colcon_core.package_identification:_identify(.) by extension 'colcon_pkg'
[0.303s] Level 1:colcon.colcon_core.package_identification:_identify(.) by extensions ['colcon_meta']
[0.303s] Level 1:colcon.colcon_core.package_identification:_identify(.) by extension 'colcon_meta'
[0.303s] Level 1:colcon.colcon_core.package_identification:_identify(.) by extensions ['ros']
[0.303s] Level 1:colcon.colcon_core.package_identification:_identify(.) by extension 'ros'
[0.314s] DEBUG:colcon.colcon_core.package_identification:Package '.' with type 'ros.ament_cmake' and name 'bt_bumpgo'
[0.314s] Level 1:colcon.colcon_core.package_discovery:discover_packages(recursive) using defaults
[0.315s] Level 1:colcon.colcon_core.package_discovery:discover_packages(ignore) discover
[0.315s] Level 1:colcon.colcon_core.package_discovery:discover_packages(ignore) using defaults
[0.315s] Level 1:colcon.colcon_core.package_discovery:discover_packages(path) discover
[0.315s] Level 1:colcon.colcon_core.package_discovery:discover_packages(path) using defaults
[0.340s] Level 1:colcon.colcon_core.package_discovery:discover_packages(prefix_path) check parameters
[0.340s] Level 1:colcon.colcon_core.package_discovery:discover_packages(prefix_path) discover
[0.342s] DEBUG:colcon.colcon_installed_package_information.package_discovery:Found 1 installed packages in /home/ubuntu/bump-and-go-with-behavior-trees-cristinaStratan1/install
[0.343s] DEBUG:colcon.colcon_installed_package_information.package_discovery:Found 7 installed packages in /home/ubuntu/ros2_ws/install
[0.344s] DEBUG:colcon.colcon_installed_package_information.package_discovery:Found 8 installed packages in /home/ubuntu/rebet_ws/install
[0.346s] DEBUG:colcon.colcon_installed_package_information.package_discovery:Found 473 installed packages in /opt/ros/humble
[0.348s] Level 1:colcon.colcon_core.package_discovery:discover_packages(prefix_path) using defaults
[0.406s] Level 5:colcon.colcon_core.verb:set package 'bt_bumpgo' build argument 'cmake_args' from command line to 'None'
[0.406s] Level 5:colcon.colcon_core.verb:set package 'bt_bumpgo' build argument 'cmake_target' from command line to 'None'
[0.406s] Level 5:colcon.colcon_core.verb:set package 'bt_bumpgo' build argument 'cmake_target_skip_unavailable' from command line to 'False'
[0.406s] Level 5:colcon.colcon_core.verb:set package 'bt_bumpgo' build argument 'cmake_clean_cache' from command line to 'False'
[0.406s] Level 5:colcon.colcon_core.verb:set package 'bt_bumpgo' build argument 'cmake_clean_first' from command line to 'False'
[0.406s] Level 5:colcon.colcon_core.verb:set package 'bt_bumpgo' build argument 'cmake_force_configure' from command line to 'False'
[0.406s] Level 5:colcon.colcon_core.verb:set package 'bt_bumpgo' build argument 'ament_cmake_args' from command line to 'None'
[0.406s] Level 5:colcon.colcon_core.verb:set package 'bt_bumpgo' build argument 'catkin_cmake_args' from command line to 'None'
[0.406s] Level 5:colcon.colcon_core.verb:set package 'bt_bumpgo' build argument 'catkin_skip_building_tests' from command line to 'False'
[0.406s] DEBUG:colcon.colcon_core.verb:Building package 'bt_bumpgo' with the following arguments: {'ament_cmake_args': None, 'build_base': '/home/ubuntu/bump-and-go-with-behavior-trees-cristinaStratan1/build/bt_bumpgo', 'catkin_cmake_args': None, 'catkin_skip_building_tests': False, 'cmake_args': None, 'cmake_clean_cache': False, 'cmake_clean_first': False, 'cmake_force_configure': False, 'cmake_target': None, 'cmake_target_skip_unavailable': False, 'install_base': '/home/ubuntu/bump-and-go-with-behavior-trees-cristinaStratan1/install/bt_bumpgo', 'merge_install': False, 'path': '/home/ubuntu/bump-and-go-with-behavior-trees-cristinaStratan1', 'symlink_install': False, 'test_result_base': None}
[0.406s] INFO:colcon.colcon_core.executor:Executing jobs using 'parallel' executor
[0.408s] DEBUG:colcon.colcon_parallel_executor.executor.parallel:run_until_complete
[0.408s] INFO:colcon.colcon_ros.task.ament_cmake.build:Building ROS package in '/home/ubuntu/bump-and-go-with-behavior-trees-cristinaStratan1' with build type 'ament_cmake'
[0.408s] INFO:colcon.colcon_cmake.task.cmake.build:Building CMake package in '/home/ubuntu/bump-and-go-with-behavior-trees-cristinaStratan1'
[0.410s] INFO:colcon.colcon_core.plugin_system:Skipping extension 'colcon_core.shell.bat': Not used on non-Windows systems
[0.410s] INFO:colcon.colcon_core.shell:Skip shell extension 'powershell' for command environment: Not usable outside of PowerShell
[0.410s] DEBUG:colcon.colcon_core.shell:Skip shell extension 'dsv' for command environment
[0.423s] DEBUG:colcon.colcon_core.event_handler.log_command:Invoking command in '/home/ubuntu/bump-and-go-with-behavior-trees-cristinaStratan1/build/bt_bumpgo': CMAKE_PREFIX_PATH=${CMAKE_PREFIX_PATH}:/home/ubuntu/rebet_ws/install/aal:/opt/ros/humble /usr/bin/cmake --build /home/ubuntu/bump-and-go-with-behavior-trees-cristinaStratan1/build/bt_bumpgo -- -j16 -l16
[5.242s] DEBUG:colcon.colcon_core.event_handler.log_command:Invoked command in '/home/ubuntu/bump-and-go-with-behavior-trees-cristinaStratan1/build/bt_bumpgo' returned '0': CMAKE_PREFIX_PATH=${CMAKE_PREFIX_PATH}:/home/ubuntu/rebet_ws/install/aal:/opt/ros/humble /usr/bin/cmake --build /home/ubuntu/bump-and-go-with-behavior-trees-cristinaStratan1/build/bt_bumpgo -- -j16 -l16
[5.309s] DEBUG:colcon.colcon_core.event_handler.log_command:Invoking command in '/home/ubuntu/bump-and-go-with-behavior-trees-cristinaStratan1/build/bt_bumpgo': CMAKE_PREFIX_PATH=${CMAKE_PREFIX_PATH}:/home/ubuntu/rebet_ws/install/aal:/opt/ros/humble /usr/bin/cmake --install /home/ubuntu/bump-and-go-with-behavior-trees-cristinaStratan1/build/bt_bumpgo
[5.338s] Level 1:colcon.colcon_core.environment:create_environment_scripts_only(bt_bumpgo)
[5.338s] DEBUG:colcon.colcon_core.event_handler.log_command:Invoked command in '/home/ubuntu/bump-and-go-with-behavior-trees-cristinaStratan1/build/bt_bumpgo' returned '0': CMAKE_PREFIX_PATH=${CMAKE_PREFIX_PATH}:/home/ubuntu/rebet_ws/install/aal:/opt/ros/humble /usr/bin/cmake --install /home/ubuntu/bump-and-go-with-behavior-trees-cristinaStratan1/build/bt_bumpgo
[5.341s] Level 1:colcon.colcon_core.environment:checking '/home/ubuntu/bump-and-go-with-behavior-trees-cristinaStratan1/install/bt_bumpgo' for CMake module files
[5.341s] Level 1:colcon.colcon_core.environment:checking '/home/ubuntu/bump-and-go-with-behavior-trees-cristinaStratan1/install/bt_bumpgo' for CMake config files
[5.341s] Level 1:colcon.colcon_core.shell:create_environment_hook('bt_bumpgo', 'cmake_prefix_path')
[5.342s] INFO:colcon.colcon_core.shell:Creating environment hook '/home/ubuntu/bump-and-go-with-behavior-trees-cristinaStratan1/install/bt_bumpgo/share/bt_bumpgo/hook/cmake_prefix_path.ps1'
[5.344s] INFO:colcon.colcon_core.shell:Creating environment descriptor '/home/ubuntu/bump-and-go-with-behavior-trees-cristinaStratan1/install/bt_bumpgo/share/bt_bumpgo/hook/cmake_prefix_path.dsv'
[5.345s] INFO:colcon.colcon_core.shell:Creating environment hook '/home/ubuntu/bump-and-go-with-behavior-trees-cristinaStratan1/install/bt_bumpgo/share/bt_bumpgo/hook/cmake_prefix_path.sh'
[5.346s] Level 1:colcon.colcon_core.environment:checking '/home/ubuntu/bump-and-go-with-behavior-trees-cristinaStratan1/install/bt_bumpgo/lib'
[5.346s] Level 1:colcon.colcon_core.shell:create_environment_hook('bt_bumpgo', 'ld_library_path_lib')
[5.347s] INFO:colcon.colcon_core.shell:Creating environment hook '/home/ubuntu/bump-and-go-with-behavior-trees-cristinaStratan1/install/bt_bumpgo/share/bt_bumpgo/hook/ld_library_path_lib.ps1'
[5.347s] INFO:colcon.colcon_core.shell:Creating environment descriptor '/home/ubuntu/bump-and-go-with-behavior-trees-cristinaStratan1/install/bt_bumpgo/share/bt_bumpgo/hook/ld_library_path_lib.dsv'
[5.347s] INFO:colcon.colcon_core.shell:Creating environment hook '/home/ubuntu/bump-and-go-with-behavior-trees-cristinaStratan1/install/bt_bumpgo/share/bt_bumpgo/hook/ld_library_path_lib.sh'
[5.348s] Level 1:colcon.colcon_core.environment:checking '/home/ubuntu/bump-and-go-with-behavior-trees-cristinaStratan1/install/bt_bumpgo/bin'
[5.348s] Level 1:colcon.colcon_core.environment:checking '/home/ubuntu/bump-and-go-with-behavior-trees-cristinaStratan1/install/bt_bumpgo/lib/pkgconfig/bt_bumpgo.pc'
[5.348s] Level 1:colcon.colcon_core.environment:checking '/home/ubuntu/bump-and-go-with-behavior-trees-cristinaStratan1/install/bt_bumpgo/lib/python3.10/site-packages'
[5.348s] Level 1:colcon.colcon_core.environment:checking '/home/ubuntu/bump-and-go-with-behavior-trees-cristinaStratan1/install/bt_bumpgo/bin'
[5.349s] INFO:colcon.colcon_core.shell:Creating package script '/home/ubuntu/bump-and-go-with-behavior-trees-cristinaStratan1/install/bt_bumpgo/share/bt_bumpgo/package.ps1'
[5.349s] INFO:colcon.colcon_core.shell:Creating package descriptor '/home/ubuntu/bump-and-go-with-behavior-trees-cristinaStratan1/install/bt_bumpgo/share/bt_bumpgo/package.dsv'
[5.350s] INFO:colcon.colcon_core.shell:Creating package script '/home/ubuntu/bump-and-go-with-behavior-trees-cristinaStratan1/install/bt_bumpgo/share/bt_bumpgo/package.sh'
[5.351s] INFO:colcon.colcon_core.shell:Creating package script '/home/ubuntu/bump-and-go-with-behavior-trees-cristinaStratan1/install/bt_bumpgo/share/bt_bumpgo/package.bash'
[5.352s] INFO:colcon.colcon_core.shell:Creating package script '/home/ubuntu/bump-and-go-with-behavior-trees-cristinaStratan1/install/bt_bumpgo/share/bt_bumpgo/package.zsh'
[5.352s] Level 1:colcon.colcon_core.environment:create_file_with_runtime_dependencies(/home/ubuntu/bump-and-go-with-behavior-trees-cristinaStratan1/install/bt_bumpgo/share/colcon-core/packages/bt_bumpgo)
[5.408s] Level 1:colcon.colcon_core.environment:create_environment_scripts_only(bt_bumpgo)
[5.409s] Level 1:colcon.colcon_core.environment:checking '/home/ubuntu/bump-and-go-with-behavior-trees-cristinaStratan1/install/bt_bumpgo' for CMake module files
[5.409s] Level 1:colcon.colcon_core.environment:checking '/home/ubuntu/bump-and-go-with-behavior-trees-cristinaStratan1/install/bt_bumpgo' for CMake config files
[5.409s] Level 1:colcon.colcon_core.shell:create_environment_hook('bt_bumpgo', 'cmake_prefix_path')
[5.410s] INFO:colcon.colcon_core.shell:Creating environment hook '/home/ubuntu/bump-and-go-with-behavior-trees-cristinaStratan1/install/bt_bumpgo/share/bt_bumpgo/hook/cmake_prefix_path.ps1'
[5.410s] INFO:colcon.colcon_core.shell:Creating environment descriptor '/home/ubuntu/bump-and-go-with-behavior-trees-cristinaStratan1/install/bt_bumpgo/share/bt_bumpgo/hook/cmake_prefix_path.dsv'
[5.410s] INFO:colcon.colcon_core.shell:Creating environment hook '/home/ubuntu/bump-and-go-with-behavior-trees-cristinaStratan1/install/bt_bumpgo/share/bt_bumpgo/hook/cmake_prefix_path.sh'
[5.412s] Level 1:colcon.colcon_core.environment:checking '/home/ubuntu/bump-and-go-with-behavior-trees-cristinaStratan1/install/bt_bumpgo/lib'
[5.412s] Level 1:colcon.colcon_core.shell:create_environment_hook('bt_bumpgo', 'ld_library_path_lib')
[5.412s] INFO:colcon.colcon_core.shell:Creating environment hook '/home/ubuntu/bump-and-go-with-behavior-trees-cristinaStratan1/install/bt_bumpgo/share/bt_bumpgo/hook/ld_library_path_lib.ps1'
[5.413s] INFO:colcon.colcon_core.shell:Creating environment descriptor '/home/ubuntu/bump-and-go-with-behavior-trees-cristinaStratan1/install/bt_bumpgo/share/bt_bumpgo/hook/ld_library_path_lib.dsv'
[5.414s] INFO:colcon.colcon_core.shell:Creating environment hook '/home/ubuntu/bump-and-go-with-behavior-trees-cristinaStratan1/install/bt_bumpgo/share/bt_bumpgo/hook/ld_library_path_lib.sh'
[5.414s] Level 1:colcon.colcon_core.environment:checking '/home/ubuntu/bump-and-go-with-behavior-trees-cristinaStratan1/install/bt_bumpgo/bin'
[5.414s] Level 1:colcon.colcon_core.environment:checking '/home/ubuntu/bump-and-go-with-behavior-trees-cristinaStratan1/install/bt_bumpgo/lib/pkgconfig/bt_bumpgo.pc'
[5.414s] Level 1:colcon.colcon_core.environment:checking '/home/ubuntu/bump-and-go-with-behavior-trees-cristinaStratan1/install/bt_bumpgo/lib/python3.10/site-packages'
[5.414s] Level 1:colcon.colcon_core.environment:checking '/home/ubuntu/bump-and-go-with-behavior-trees-cristinaStratan1/install/bt_bumpgo/bin'
[5.415s] INFO:colcon.colcon_core.shell:Creating package script '/home/ubuntu/bump-and-go-with-behavior-trees-cristinaStratan1/install/bt_bumpgo/share/bt_bumpgo/package.ps1'
[5.416s] INFO:colcon.colcon_core.shell:Creating package descriptor '/home/ubuntu/bump-and-go-with-behavior-trees-cristinaStratan1/install/bt_bumpgo/share/bt_bumpgo/package.dsv'
[5.416s] INFO:colcon.colcon_core.shell:Creating package script '/home/ubuntu/bump-and-go-with-behavior-trees-cristinaStratan1/install/bt_bumpgo/share/bt_bumpgo/package.sh'
[5.417s] INFO:colcon.colcon_core.shell:Creating package script '/home/ubuntu/bump-and-go-with-behavior-trees-cristinaStratan1/install/bt_bumpgo/share/bt_bumpgo/package.bash'
[5.417s] INFO:colcon.colcon_core.shell:Creating package script '/home/ubuntu/bump-and-go-with-behavior-trees-cristinaStratan1/install/bt_bumpgo/share/bt_bumpgo/package.zsh'
[5.418s] Level 1:colcon.colcon_core.environment:create_file_with_runtime_dependencies(/home/ubuntu/bump-and-go-with-behavior-trees-cristinaStratan1/install/bt_bumpgo/share/colcon-core/packages/bt_bumpgo)
[5.418s] DEBUG:colcon.colcon_parallel_executor.executor.parallel:closing loop
[5.418s] DEBUG:colcon.colcon_parallel_executor.executor.parallel:loop closed
[5.419s] DEBUG:colcon.colcon_parallel_executor.executor.parallel:run_until_complete finished with '0'
[5.419s] DEBUG:colcon.colcon_core.event_reactor:joining thread
[5.424s] INFO:colcon.colcon_core.plugin_system:Skipping extension 'colcon_notification.desktop_notification.terminal_notifier': Not used on non-Darwin systems
[5.424s] INFO:colcon.colcon_core.plugin_system:Skipping extension 'colcon_notification.desktop_notification.win32': Not used on non-Windows systems
[5.424s] INFO:colcon.colcon_notification.desktop_notification:Sending desktop notification using 'notify2'
[5.596s] DEBUG:colcon.colcon_core.event_reactor:joined thread
[5.597s] INFO:colcon.colcon_core.shell:Creating prefix script '/home/ubuntu/bump-and-go-with-behavior-trees-cristinaStratan1/install/local_setup.ps1'
[5.598s] INFO:colcon.colcon_core.shell:Creating prefix util module '/home/ubuntu/bump-and-go-with-behavior-trees-cristinaStratan1/install/_local_setup_util_ps1.py'
[5.599s] INFO:colcon.colcon_core.shell:Creating prefix chain script '/home/ubuntu/bump-and-go-with-behavior-trees-cristinaStratan1/install/setup.ps1'
[5.601s] INFO:colcon.colcon_core.shell:Creating prefix script '/home/ubuntu/bump-and-go-with-behavior-trees-cristinaStratan1/install/local_setup.sh'
[5.602s] INFO:colcon.colcon_core.shell:Creating prefix util module '/home/ubuntu/bump-and-go-with-behavior-trees-cristinaStratan1/install/_local_setup_util_sh.py'
[5.603s] INFO:colcon.colcon_core.shell:Creating prefix chain script '/home/ubuntu/bump-and-go-with-behavior-trees-cristinaStratan1/install/setup.sh'
[5.605s] INFO:colcon.colcon_core.shell:Creating prefix script '/home/ubuntu/bump-and-go-with-behavior-trees-cristinaStratan1/install/local_setup.bash'
[5.605s] INFO:colcon.colcon_core.shell:Creating prefix chain script '/home/ubuntu/bump-and-go-with-behavior-trees-cristinaStratan1/install/setup.bash'
[5.607s] INFO:colcon.colcon_core.shell:Creating prefix script '/home/ubuntu/bump-and-go-with-behavior-trees-cristinaStratan1/install/local_setup.zsh'
[5.608s] INFO:colcon.colcon_core.shell:Creating prefix chain script '/home/ubuntu/bump-and-go-with-behavior-trees-cristinaStratan1/install/setup.zsh'
